2022-07-21 13:59:04,636_[line:84]_INFO_初始化pingcode配置
2022-07-21 13:59:16,045_[line:49]_INFO_初始化浏览器
2022-07-21 13:59:17,388_[line:56]_INFO_初始化成功
2022-07-21 13:59:17,388_[line:115]_INFO_登录平台, 账号：0625
2022-07-21 13:59:20,679_[line:185]_INFO_验证是否有提示信息
2022-07-21 13:59:25,731_[line:197]_INFO_没有提示信息
2022-07-21 13:59:25,731_[line:78]_INFO_验证左侧栏菜单
2022-07-21 13:59:25,749_[line:86]_INFO_验证左侧栏菜单-赛事活动
2022-07-21 13:59:25,750_[line:140]_INFO_验证信息：赛事活动
2022-07-21 13:59:25,773_[line:159]_INFO_验证信息赛事活动-成功
2022-07-21 13:59:25,773_[line:86]_INFO_验证左侧栏菜单-活动报名
2022-07-21 13:59:25,775_[line:140]_INFO_验证信息：活动报名
2022-07-21 13:59:25,795_[line:159]_INFO_验证信息活动报名-成功
2022-07-21 13:59:25,795_[line:86]_INFO_验证左侧栏菜单-直播管理
2022-07-21 13:59:25,795_[line:140]_INFO_验证信息：直播管理
2022-07-21 13:59:25,811_[line:159]_INFO_验证信息直播管理-成功
2022-07-21 13:59:25,811_[line:86]_INFO_验证左侧栏菜单-安全预警
2022-07-21 13:59:25,811_[line:140]_INFO_验证信息：安全预警
2022-07-21 13:59:25,830_[line:159]_INFO_验证信息安全预警-成功
2022-07-21 13:59:25,830_[line:86]_INFO_验证左侧栏菜单-设备指令
2022-07-21 13:59:25,830_[line:140]_INFO_验证信息：设备指令
2022-07-21 13:59:25,849_[line:159]_INFO_验证信息设备指令-成功
2022-07-21 13:59:25,891_[line:126]_INFO_验证安全预警页面文字
2022-07-21 13:59:25,891_[line:131]_INFO_安全预警元素验证-顶部栏
2022-07-21 13:59:25,891_[line:140]_INFO_验证信息：安全预警
2022-07-21 13:59:25,961_[line:159]_INFO_验证信息安全预警-成功
2022-07-21 13:59:25,961_[line:148]_INFO_安全预警元素验证-tab标签
2022-07-21 13:59:25,969_[line:140]_INFO_验证信息：基本设置
2022-07-21 13:59:25,977_[line:159]_INFO_验证信息基本设置-成功
2022-07-21 13:59:25,977_[line:140]_INFO_验证信息：联系信息
2022-07-21 13:59:25,985_[line:159]_INFO_验证信息联系信息-成功
2022-07-21 13:59:25,985_[line:131]_INFO_安全预警元素验证-表格标题
2022-07-21 13:59:26,003_[line:140]_INFO_验证信息：人员监控通知
2022-07-21 13:59:26,020_[line:159]_INFO_验证信息人员监控通知-成功
2022-07-21 13:59:26,020_[line:131]_INFO_安全预警元素验证-表格标题
2022-07-21 13:59:26,041_[line:140]_INFO_验证信息：电子围栏监控通知
2022-07-21 13:59:26,057_[line:159]_INFO_验证信息电子围栏监控通知-成功
2022-07-21 13:59:26,097_[line:160]_INFO_验证设备指令页面文字
2022-07-21 13:59:26,097_[line:165]_INFO_设备指令元素验证顶部栏
2022-07-21 13:59:26,097_[line:140]_INFO_验证信息：设备指令
2022-07-21 13:59:26,243_[line:162]_INFO_验证信息设备指令-失败
2022-07-21 13:59:26,243_[line:163]_ERROR_Message: stale element reference: element is not attached to the page document
  (Session info: chrome=103.0.5060.114)
Stacktrace:
Backtrace:
	Ordinal0 [0x004E6463+2188387]
	Ordinal0 [0x0047E461+1762401]
	Ordinal0 [0x00393D78+802168]
	Ordinal0 [0x00396754+812884]
	Ordinal0 [0x00396612+812562]
	Ordinal0 [0x00396F8A+814986]
	Ordinal0 [0x003ED669+1169001]
	Ordinal0 [0x003DC7DC+1099740]
	Ordinal0 [0x003ECC22+1166370]
	Ordinal0 [0x003DC5F6+1099254]
	Ordinal0 [0x003B6BE0+945120]
	Ordinal0 [0x003B7AD6+948950]
	GetHandleVerifier [0x007871F2+2712546]
	GetHandleVerifier [0x0077886D+2652765]
	GetHandleVerifier [0x0057002A+520730]
	GetHandleVerifier [0x0056EE06+516086]
	Ordinal0 [0x0048468B+1787531]
	Ordinal0 [0x00488E88+1805960]
	Ordinal0 [0x00488F75+1806197]
	Ordinal0 [0x00491DF1+1842673]
	BaseThreadInitThunk [0x75C6FA29+25]
	RtlGetAppContainerNamedObjectPath [0x77B47A9E+286]
	RtlGetAppContainerNamedObjectPath [0x77B47A6E+238]

2022-07-21 13:59:26,382_[line:169]_INFO_验证失败, 期望信息：设备指令,获取信息：,截屏文档：设备指令_20220721_135926_bug.png
2022-07-21 13:59:26,382_[line:226]_INFO_debug模式不提交缺陷
2022-07-21 13:59:26,383_[line:99]_INFO_验证功能模块
2022-07-21 13:59:26,401_[line:107]_ERROR_功能数量不对,期望9,实际是1
2022-07-21 13:59:26,536_[line:110]_INFO_验证功能模块-重启
2022-07-21 13:59:26,536_[line:111]_ERROR_功能数量一致,期望9,实际是1
2022-07-21 13:59:26,536_[line:140]_INFO_验证信息：重启
2022-07-21 13:59:26,562_[line:159]_INFO_验证信息重启-成功
