2022-07-21 12:11:00,143_[line:84]_INFO_初始化pingcode配置
2022-07-21 12:11:00,389_[line:49]_INFO_初始化浏览器
2022-07-21 12:11:01,715_[line:56]_INFO_初始化成功
2022-07-21 12:11:01,715_[line:115]_INFO_登录平台, 账号：0625
2022-07-21 12:11:04,521_[line:185]_INFO_验证是否有提示信息
2022-07-21 12:11:09,586_[line:197]_INFO_没有提示信息
2022-07-21 12:11:09,586_[line:78]_INFO_验证左侧栏菜单
2022-07-21 12:11:09,603_[line:86]_INFO_验证左侧栏菜单-赛事活动
2022-07-21 12:11:09,604_[line:140]_INFO_验证信息：赛事活动
2022-07-21 12:11:09,625_[line:159]_INFO_验证信息赛事活动-成功
2022-07-21 12:11:09,625_[line:86]_INFO_验证左侧栏菜单-活动报名
2022-07-21 12:11:09,625_[line:140]_INFO_验证信息：活动报名
2022-07-21 12:11:09,645_[line:159]_INFO_验证信息活动报名-成功
2022-07-21 12:11:09,645_[line:86]_INFO_验证左侧栏菜单-直播管理
2022-07-21 12:11:09,645_[line:140]_INFO_验证信息：直播管理
2022-07-21 12:11:09,663_[line:159]_INFO_验证信息直播管理-成功
2022-07-21 12:11:09,663_[line:86]_INFO_验证左侧栏菜单-安全预警
2022-07-21 12:11:09,663_[line:140]_INFO_验证信息：安全预警
2022-07-21 12:11:09,679_[line:159]_INFO_验证信息安全预警-成功
2022-07-21 12:11:09,679_[line:86]_INFO_验证左侧栏菜单-设备指令
2022-07-21 12:11:09,679_[line:140]_INFO_验证信息：设备指令
2022-07-21 12:11:09,697_[line:159]_INFO_验证信息设备指令-成功
2022-07-21 12:11:09,737_[line:124]_INFO_验证安全预警页面文字
2022-07-21 12:11:09,738_[line:129]_INFO_安全预警元素验证-顶部栏
2022-07-21 12:11:09,738_[line:140]_INFO_验证信息：安全预警
2022-07-21 12:11:09,806_[line:159]_INFO_验证信息安全预警-成功
2022-07-21 12:11:09,806_[line:146]_INFO_安全预警元素验证-tab标签
2022-07-21 12:11:09,816_[line:140]_INFO_验证信息：基本设置
2022-07-21 12:11:09,823_[line:159]_INFO_验证信息基本设置-成功
2022-07-21 12:11:09,824_[line:140]_INFO_验证信息：联系信息
2022-07-21 12:11:09,832_[line:159]_INFO_验证信息联系信息-成功
2022-07-21 12:11:09,832_[line:129]_INFO_安全预警元素验证-表格标题
2022-07-21 12:11:09,847_[line:140]_INFO_验证信息：人员监控通知
2022-07-21 12:11:09,862_[line:159]_INFO_验证信息人员监控通知-成功
2022-07-21 12:11:09,862_[line:129]_INFO_安全预警元素验证-表格标题
2022-07-21 12:11:09,889_[line:140]_INFO_验证信息：电子围栏监控通知
2022-07-21 12:11:09,917_[line:159]_INFO_验证信息电子围栏监控通知-成功
2022-07-21 12:11:09,959_[line:158]_INFO_验证设备指令页面文字
2022-07-21 12:11:09,959_[line:163]_INFO_设备指令元素验证顶部栏
2022-07-21 12:11:09,959_[line:140]_INFO_验证信息：设备指令
2022-07-21 12:11:10,073_[line:159]_INFO_验证信息设备指令-成功
2022-07-21 12:11:10,073_[line:99]_INFO_验证功能模块
2022-07-21 12:11:10,190_[line:110]_INFO_验证功能模块-重启
2022-07-21 12:11:10,190_[line:111]_ERROR_功能数量一致,期望9,实际是9
2022-07-21 12:11:10,190_[line:140]_INFO_验证信息：重启
2022-07-21 12:11:10,207_[line:159]_INFO_验证信息重启-成功
2022-07-21 12:11:10,207_[line:110]_INFO_验证功能模块-恢复出厂
2022-07-21 12:11:10,207_[line:111]_ERROR_功能数量一致,期望9,实际是9
2022-07-21 12:11:10,207_[line:140]_INFO_验证信息：恢复出厂
2022-07-21 12:11:10,377_[line:169]_INFO_验证失败, 期望信息：恢复出厂,获取信息：重启,截屏文档：恢复出厂_20220721_121110_bug.png
2022-07-21 12:11:10,377_[line:226]_INFO_debug模式不提交缺陷
2022-07-21 12:11:10,377_[line:110]_INFO_验证功能模块-远程关机
2022-07-21 12:11:10,377_[line:111]_ERROR_功能数量一致,期望9,实际是9
2022-07-21 12:11:10,377_[line:140]_INFO_验证信息：远程关机
2022-07-21 12:11:10,487_[line:169]_INFO_验证失败, 期望信息：远程关机,获取信息：重启,截屏文档：远程关机_20220721_121110_bug.png
2022-07-21 12:11:10,487_[line:226]_INFO_debug模式不提交缺陷
2022-07-21 12:11:10,487_[line:110]_INFO_验证功能模块-禁止关机
2022-07-21 12:11:10,487_[line:111]_ERROR_功能数量一致,期望9,实际是9
2022-07-21 12:11:10,487_[line:140]_INFO_验证信息：禁止关机
2022-07-21 12:11:10,598_[line:169]_INFO_验证失败, 期望信息：禁止关机,获取信息：重启,截屏文档：禁止关机_20220721_121110_bug.png
2022-07-21 12:11:10,598_[line:226]_INFO_debug模式不提交缺陷
2022-07-21 12:11:10,598_[line:110]_INFO_验证功能模块-上传频度
2022-07-21 12:11:10,598_[line:111]_ERROR_功能数量一致,期望9,实际是9
2022-07-21 12:11:10,598_[line:140]_INFO_验证信息：上传频度
2022-07-21 12:11:10,711_[line:169]_INFO_验证失败, 期望信息：上传频度,获取信息：重启,截屏文档：上传频度_20220721_121110_bug.png
2022-07-21 12:11:10,711_[line:226]_INFO_debug模式不提交缺陷
2022-07-21 12:11:10,711_[line:110]_INFO_验证功能模块-设置ip或域名
2022-07-21 12:11:10,711_[line:111]_ERROR_功能数量一致,期望9,实际是9
2022-07-21 12:11:10,711_[line:140]_INFO_验证信息：设置ip或域名
2022-07-21 12:11:10,831_[line:169]_INFO_验证失败, 期望信息：设置ip或域名,获取信息：重启,截屏文档：设置ip或域名_20220721_121110_bug.png
2022-07-21 12:11:10,831_[line:226]_INFO_debug模式不提交缺陷
2022-07-21 12:11:10,832_[line:110]_INFO_验证功能模块-设置端口
2022-07-21 12:11:10,832_[line:111]_ERROR_功能数量一致,期望9,实际是9
2022-07-21 12:11:10,832_[line:140]_INFO_验证信息：设置端口
2022-07-21 12:11:10,966_[line:169]_INFO_验证失败, 期望信息：设置端口,获取信息：重启,截屏文档：设置端口_20220721_121110_bug.png
2022-07-21 12:11:10,966_[line:226]_INFO_debug模式不提交缺陷
2022-07-21 12:11:10,966_[line:110]_INFO_验证功能模块-允许关机
2022-07-21 12:11:10,966_[line:111]_ERROR_功能数量一致,期望9,实际是9
2022-07-21 12:11:10,966_[line:140]_INFO_验证信息：允许关机
2022-07-21 12:11:11,094_[line:169]_INFO_验证失败, 期望信息：允许关机,获取信息：重启,截屏文档：允许关机_20220721_121110_bug.png
2022-07-21 12:11:11,094_[line:226]_INFO_debug模式不提交缺陷
2022-07-21 12:11:11,094_[line:110]_INFO_验证功能模块-关闭休眠
2022-07-21 12:11:11,094_[line:111]_ERROR_功能数量一致,期望9,实际是9
2022-07-21 12:11:11,094_[line:140]_INFO_验证信息：关闭休眠
2022-07-21 12:11:11,215_[line:169]_INFO_验证失败, 期望信息：关闭休眠,获取信息：重启,截屏文档：关闭休眠_20220721_121111_bug.png
2022-07-21 12:11:11,215_[line:226]_INFO_debug模式不提交缺陷
