2022-07-21 11:18:06,650_[line:84]_INFO_初始化pingcode配置
2022-07-21 11:18:06,938_[line:49]_INFO_初始化浏览器
2022-07-21 11:18:08,388_[line:56]_INFO_初始化成功
2022-07-21 11:18:08,388_[line:115]_INFO_登录平台, 账号：0625
2022-07-21 11:18:10,005_[line:185]_INFO_验证是否有提示信息
2022-07-21 11:18:15,042_[line:197]_INFO_没有提示信息
2022-07-21 11:18:15,042_[line:78]_INFO_验证左侧栏菜单
2022-07-21 11:18:15,059_[line:86]_INFO_验证左侧栏菜单-赛事活动
2022-07-21 11:18:15,059_[line:140]_INFO_验证信息：赛事活动
2022-07-21 11:18:15,078_[line:159]_INFO_验证信息赛事活动-成功
2022-07-21 11:18:15,078_[line:86]_INFO_验证左侧栏菜单-活动报名
2022-07-21 11:18:15,078_[line:140]_INFO_验证信息：活动报名
2022-07-21 11:18:15,098_[line:159]_INFO_验证信息活动报名-成功
2022-07-21 11:18:15,098_[line:86]_INFO_验证左侧栏菜单-直播管理
2022-07-21 11:18:15,098_[line:140]_INFO_验证信息：直播管理
2022-07-21 11:18:15,115_[line:159]_INFO_验证信息直播管理-成功
2022-07-21 11:18:15,116_[line:86]_INFO_验证左侧栏菜单-安全预警
2022-07-21 11:18:15,116_[line:140]_INFO_验证信息：安全预警
2022-07-21 11:18:15,133_[line:159]_INFO_验证信息安全预警-成功
2022-07-21 11:18:15,133_[line:86]_INFO_验证左侧栏菜单-设备指令
2022-07-21 11:18:15,133_[line:140]_INFO_验证信息：设备指令
2022-07-21 11:18:15,149_[line:159]_INFO_验证信息设备指令-成功
2022-07-21 11:18:15,203_[line:123]_INFO_验证安全预警页面文字
2022-07-21 11:18:15,203_[line:128]_INFO_安全预警元素验证-顶部栏
2022-07-21 11:18:15,203_[line:140]_INFO_验证信息：安全预警
2022-07-21 11:18:15,285_[line:159]_INFO_验证信息安全预警-成功
2022-07-21 11:18:15,286_[line:145]_INFO_安全预警元素验证-tab标签
2022-07-21 11:18:15,295_[line:140]_INFO_验证信息：基本设置
2022-07-21 11:18:15,304_[line:159]_INFO_验证信息基本设置-成功
2022-07-21 11:18:15,304_[line:140]_INFO_验证信息：联系信息
2022-07-21 11:18:15,314_[line:159]_INFO_验证信息联系信息-成功
2022-07-21 11:18:15,314_[line:128]_INFO_安全预警元素验证-表格标题
2022-07-21 11:18:15,340_[line:140]_INFO_验证信息：人员监控通知
2022-07-21 11:18:15,390_[line:159]_INFO_验证信息人员监控通知-成功
2022-07-21 11:18:15,391_[line:128]_INFO_安全预警元素验证-表格标题
2022-07-21 11:18:15,413_[line:140]_INFO_验证信息：电子围栏监控通知
2022-07-21 11:18:15,433_[line:159]_INFO_验证信息电子围栏监控通知-成功
2022-07-21 11:18:15,488_[line:157]_INFO_验证设备指令页面文字
2022-07-21 11:18:15,488_[line:162]_INFO_设备指令元素验证顶部栏
2022-07-21 11:18:15,488_[line:140]_INFO_验证信息：设备指令
2022-07-21 11:18:15,613_[line:159]_INFO_验证信息设备指令-成功
2022-07-21 11:18:15,613_[line:99]_INFO_验证功能模块
2022-07-21 11:18:15,738_[line:110]_INFO_验证功能模块-重启
2022-07-21 11:18:15,738_[line:140]_INFO_验证信息：重启
2022-07-21 11:18:20,745_[line:162]_INFO_验证信息重启-失败
2022-07-21 11:18:20,745_[line:163]_ERROR_Message: no such element: Unable to locate element: {"method":"tag name","selector":"ul"}
  (Session info: chrome=103.0.5060.114)
Stacktrace:
Backtrace:
	Ordinal0 [0x004E6463+2188387]
	Ordinal0 [0x0047E461+1762401]
	Ordinal0 [0x00393D78+802168]
	Ordinal0 [0x003C1880+989312]
	Ordinal0 [0x003C1B1B+989979]
	Ordinal0 [0x003B8071+950385]
	Ordinal0 [0x003DC824+1099812]
	Ordinal0 [0x003B7FF4+950260]
	Ordinal0 [0x003DC9F4+1100276]
	Ordinal0 [0x003ECC22+1166370]
	Ordinal0 [0x003DC5F6+1099254]
	Ordinal0 [0x003B6BE0+945120]
	Ordinal0 [0x003B7AD6+948950]
	GetHandleVerifier [0x007871F2+2712546]
	GetHandleVerifier [0x0077886D+2652765]
	GetHandleVerifier [0x0057002A+520730]
	GetHandleVerifier [0x0056EE06+516086]
	Ordinal0 [0x0048468B+1787531]
	Ordinal0 [0x00488E88+1805960]
	Ordinal0 [0x00488F75+1806197]
	Ordinal0 [0x00491DF1+1842673]
	BaseThreadInitThunk [0x75C6FA29+25]
	RtlGetAppContainerNamedObjectPath [0x77B47A9E+286]
	RtlGetAppContainerNamedObjectPath [0x77B47A6E+238]

2022-07-21 11:18:20,855_[line:169]_INFO_验证失败, 期望信息：重启,获取信息：,截屏文档：重启_20220721_111820_bug.png
2022-07-21 11:18:20,855_[line:226]_INFO_debug模式不提交缺陷
2022-07-21 11:18:20,855_[line:110]_INFO_验证功能模块-恢复出厂
2022-07-21 11:18:20,855_[line:140]_INFO_验证信息：恢复出厂
2022-07-21 11:18:25,899_[line:162]_INFO_验证信息恢复出厂-失败
2022-07-21 11:18:25,899_[line:163]_ERROR_Message: no such element: Unable to locate element: {"method":"tag name","selector":"ul"}
  (Session info: chrome=103.0.5060.114)
Stacktrace:
Backtrace:
	Ordinal0 [0x004E6463+2188387]
	Ordinal0 [0x0047E461+1762401]
	Ordinal0 [0x00393D78+802168]
	Ordinal0 [0x003C1880+989312]
	Ordinal0 [0x003C1B1B+989979]
	Ordinal0 [0x003B8071+950385]
	Ordinal0 [0x003DC824+1099812]
	Ordinal0 [0x003B7FF4+950260]
	Ordinal0 [0x003DC9F4+1100276]
	Ordinal0 [0x003ECC22+1166370]
	Ordinal0 [0x003DC5F6+1099254]
	Ordinal0 [0x003B6BE0+945120]
	Ordinal0 [0x003B7AD6+948950]
	GetHandleVerifier [0x007871F2+2712546]
	GetHandleVerifier [0x0077886D+2652765]
	GetHandleVerifier [0x0057002A+520730]
	GetHandleVerifier [0x0056EE06+516086]
	Ordinal0 [0x0048468B+1787531]
	Ordinal0 [0x00488E88+1805960]
	Ordinal0 [0x00488F75+1806197]
	Ordinal0 [0x00491DF1+1842673]
	BaseThreadInitThunk [0x75C6FA29+25]
	RtlGetAppContainerNamedObjectPath [0x77B47A9E+286]
	RtlGetAppContainerNamedObjectPath [0x77B47A6E+238]

2022-07-21 11:18:26,019_[line:169]_INFO_验证失败, 期望信息：恢复出厂,获取信息：,截屏文档：恢复出厂_20220721_111825_bug.png
2022-07-21 11:18:26,020_[line:226]_INFO_debug模式不提交缺陷
2022-07-21 11:18:26,020_[line:110]_INFO_验证功能模块-远程关机
2022-07-21 11:18:26,020_[line:140]_INFO_验证信息：远程关机
2022-07-21 11:18:31,065_[line:162]_INFO_验证信息远程关机-失败
2022-07-21 11:18:31,065_[line:163]_ERROR_Message: no such element: Unable to locate element: {"method":"tag name","selector":"ul"}
  (Session info: chrome=103.0.5060.114)
Stacktrace:
Backtrace:
	Ordinal0 [0x004E6463+2188387]
	Ordinal0 [0x0047E461+1762401]
	Ordinal0 [0x00393D78+802168]
	Ordinal0 [0x003C1880+989312]
	Ordinal0 [0x003C1B1B+989979]
	Ordinal0 [0x003B8071+950385]
	Ordinal0 [0x003DC824+1099812]
	Ordinal0 [0x003B7FF4+950260]
	Ordinal0 [0x003DC9F4+1100276]
	Ordinal0 [0x003ECC22+1166370]
	Ordinal0 [0x003DC5F6+1099254]
	Ordinal0 [0x003B6BE0+945120]
	Ordinal0 [0x003B7AD6+948950]
	GetHandleVerifier [0x007871F2+2712546]
	GetHandleVerifier [0x0077886D+2652765]
	GetHandleVerifier [0x0057002A+520730]
	GetHandleVerifier [0x0056EE06+516086]
	Ordinal0 [0x0048468B+1787531]
	Ordinal0 [0x00488E88+1805960]
	Ordinal0 [0x00488F75+1806197]
	Ordinal0 [0x00491DF1+1842673]
	BaseThreadInitThunk [0x75C6FA29+25]
	RtlGetAppContainerNamedObjectPath [0x77B47A9E+286]
	RtlGetAppContainerNamedObjectPath [0x77B47A6E+238]

2022-07-21 11:18:31,158_[line:169]_INFO_验证失败, 期望信息：远程关机,获取信息：,截屏文档：远程关机_20220721_111831_bug.png
2022-07-21 11:18:31,158_[line:226]_INFO_debug模式不提交缺陷
2022-07-21 11:18:31,158_[line:110]_INFO_验证功能模块-禁止关机
2022-07-21 11:18:31,158_[line:140]_INFO_验证信息：禁止关机
2022-07-21 11:18:36,171_[line:162]_INFO_验证信息禁止关机-失败
2022-07-21 11:18:36,171_[line:163]_ERROR_Message: no such element: Unable to locate element: {"method":"tag name","selector":"ul"}
  (Session info: chrome=103.0.5060.114)
Stacktrace:
Backtrace:
	Ordinal0 [0x004E6463+2188387]
	Ordinal0 [0x0047E461+1762401]
	Ordinal0 [0x00393D78+802168]
	Ordinal0 [0x003C1880+989312]
	Ordinal0 [0x003C1B1B+989979]
	Ordinal0 [0x003B8071+950385]
	Ordinal0 [0x003DC824+1099812]
	Ordinal0 [0x003B7FF4+950260]
	Ordinal0 [0x003DC9F4+1100276]
	Ordinal0 [0x003ECC22+1166370]
	Ordinal0 [0x003DC5F6+1099254]
	Ordinal0 [0x003B6BE0+945120]
	Ordinal0 [0x003B7AD6+948950]
	GetHandleVerifier [0x007871F2+2712546]
	GetHandleVerifier [0x0077886D+2652765]
	GetHandleVerifier [0x0057002A+520730]
	GetHandleVerifier [0x0056EE06+516086]
	Ordinal0 [0x0048468B+1787531]
	Ordinal0 [0x00488E88+1805960]
	Ordinal0 [0x00488F75+1806197]
	Ordinal0 [0x00491DF1+1842673]
	BaseThreadInitThunk [0x75C6FA29+25]
	RtlGetAppContainerNamedObjectPath [0x77B47A9E+286]
	RtlGetAppContainerNamedObjectPath [0x77B47A6E+238]

2022-07-21 11:18:36,285_[line:169]_INFO_验证失败, 期望信息：禁止关机,获取信息：,截屏文档：禁止关机_20220721_111836_bug.png
2022-07-21 11:18:36,285_[line:226]_INFO_debug模式不提交缺陷
2022-07-21 11:18:36,285_[line:110]_INFO_验证功能模块-上传频度
2022-07-21 11:18:36,285_[line:140]_INFO_验证信息：上传频度
2022-07-21 11:18:41,295_[line:162]_INFO_验证信息上传频度-失败
2022-07-21 11:18:41,295_[line:163]_ERROR_Message: no such element: Unable to locate element: {"method":"tag name","selector":"ul"}
  (Session info: chrome=103.0.5060.114)
Stacktrace:
Backtrace:
	Ordinal0 [0x004E6463+2188387]
	Ordinal0 [0x0047E461+1762401]
	Ordinal0 [0x00393D78+802168]
	Ordinal0 [0x003C1880+989312]
	Ordinal0 [0x003C1B1B+989979]
	Ordinal0 [0x003B8071+950385]
	Ordinal0 [0x003DC824+1099812]
	Ordinal0 [0x003B7FF4+950260]
	Ordinal0 [0x003DC9F4+1100276]
	Ordinal0 [0x003ECC22+1166370]
	Ordinal0 [0x003DC5F6+1099254]
	Ordinal0 [0x003B6BE0+945120]
	Ordinal0 [0x003B7AD6+948950]
	GetHandleVerifier [0x007871F2+2712546]
	GetHandleVerifier [0x0077886D+2652765]
	GetHandleVerifier [0x0057002A+520730]
	GetHandleVerifier [0x0056EE06+516086]
	Ordinal0 [0x0048468B+1787531]
	Ordinal0 [0x00488E88+1805960]
	Ordinal0 [0x00488F75+1806197]
	Ordinal0 [0x00491DF1+1842673]
	BaseThreadInitThunk [0x75C6FA29+25]
	RtlGetAppContainerNamedObjectPath [0x77B47A9E+286]
	RtlGetAppContainerNamedObjectPath [0x77B47A6E+238]

2022-07-21 11:18:41,404_[line:169]_INFO_验证失败, 期望信息：上传频度,获取信息：,截屏文档：上传频度_20220721_111841_bug.png
2022-07-21 11:18:41,405_[line:226]_INFO_debug模式不提交缺陷
2022-07-21 11:18:41,405_[line:110]_INFO_验证功能模块-设置ip或域名
2022-07-21 11:18:41,405_[line:140]_INFO_验证信息：设置ip或域名
2022-07-21 11:18:46,469_[line:162]_INFO_验证信息设置ip或域名-失败
2022-07-21 11:18:46,469_[line:163]_ERROR_Message: no such element: Unable to locate element: {"method":"tag name","selector":"ul"}
  (Session info: chrome=103.0.5060.114)
Stacktrace:
Backtrace:
	Ordinal0 [0x004E6463+2188387]
	Ordinal0 [0x0047E461+1762401]
	Ordinal0 [0x00393D78+802168]
	Ordinal0 [0x003C1880+989312]
	Ordinal0 [0x003C1B1B+989979]
	Ordinal0 [0x003B8071+950385]
	Ordinal0 [0x003DC824+1099812]
	Ordinal0 [0x003B7FF4+950260]
	Ordinal0 [0x003DC9F4+1100276]
	Ordinal0 [0x003ECC22+1166370]
	Ordinal0 [0x003DC5F6+1099254]
	Ordinal0 [0x003B6BE0+945120]
	Ordinal0 [0x003B7AD6+948950]
	GetHandleVerifier [0x007871F2+2712546]
	GetHandleVerifier [0x0077886D+2652765]
	GetHandleVerifier [0x0057002A+520730]
	GetHandleVerifier [0x0056EE06+516086]
	Ordinal0 [0x0048468B+1787531]
	Ordinal0 [0x00488E88+1805960]
	Ordinal0 [0x00488F75+1806197]
	Ordinal0 [0x00491DF1+1842673]
	BaseThreadInitThunk [0x75C6FA29+25]
	RtlGetAppContainerNamedObjectPath [0x77B47A9E+286]
	RtlGetAppContainerNamedObjectPath [0x77B47A6E+238]

2022-07-21 11:18:46,586_[line:169]_INFO_验证失败, 期望信息：设置ip或域名,获取信息：,截屏文档：设置ip或域名_20220721_111846_bug.png
2022-07-21 11:18:46,586_[line:226]_INFO_debug模式不提交缺陷
2022-07-21 11:18:46,586_[line:110]_INFO_验证功能模块-设置端口
2022-07-21 11:18:46,586_[line:140]_INFO_验证信息：设置端口
2022-07-21 11:18:51,637_[line:162]_INFO_验证信息设置端口-失败
2022-07-21 11:18:51,637_[line:163]_ERROR_Message: no such element: Unable to locate element: {"method":"tag name","selector":"ul"}
  (Session info: chrome=103.0.5060.114)
Stacktrace:
Backtrace:
	Ordinal0 [0x004E6463+2188387]
	Ordinal0 [0x0047E461+1762401]
	Ordinal0 [0x00393D78+802168]
	Ordinal0 [0x003C1880+989312]
	Ordinal0 [0x003C1B1B+989979]
	Ordinal0 [0x003B8071+950385]
	Ordinal0 [0x003DC824+1099812]
	Ordinal0 [0x003B7FF4+950260]
	Ordinal0 [0x003DC9F4+1100276]
	Ordinal0 [0x003ECC22+1166370]
	Ordinal0 [0x003DC5F6+1099254]
	Ordinal0 [0x003B6BE0+945120]
	Ordinal0 [0x003B7AD6+948950]
	GetHandleVerifier [0x007871F2+2712546]
	GetHandleVerifier [0x0077886D+2652765]
	GetHandleVerifier [0x0057002A+520730]
	GetHandleVerifier [0x0056EE06+516086]
	Ordinal0 [0x0048468B+1787531]
	Ordinal0 [0x00488E88+1805960]
	Ordinal0 [0x00488F75+1806197]
	Ordinal0 [0x00491DF1+1842673]
	BaseThreadInitThunk [0x75C6FA29+25]
	RtlGetAppContainerNamedObjectPath [0x77B47A9E+286]
	RtlGetAppContainerNamedObjectPath [0x77B47A6E+238]

2022-07-21 11:18:51,754_[line:169]_INFO_验证失败, 期望信息：设置端口,获取信息：,截屏文档：设置端口_20220721_111851_bug.png
2022-07-21 11:18:51,755_[line:226]_INFO_debug模式不提交缺陷
2022-07-21 11:18:51,755_[line:110]_INFO_验证功能模块-允许关机
2022-07-21 11:18:51,755_[line:140]_INFO_验证信息：允许关机
2022-07-21 11:18:56,812_[line:162]_INFO_验证信息允许关机-失败
2022-07-21 11:18:56,812_[line:163]_ERROR_Message: no such element: Unable to locate element: {"method":"tag name","selector":"ul"}
  (Session info: chrome=103.0.5060.114)
Stacktrace:
Backtrace:
	Ordinal0 [0x004E6463+2188387]
	Ordinal0 [0x0047E461+1762401]
	Ordinal0 [0x00393D78+802168]
	Ordinal0 [0x003C1880+989312]
	Ordinal0 [0x003C1B1B+989979]
	Ordinal0 [0x003B8071+950385]
	Ordinal0 [0x003DC824+1099812]
	Ordinal0 [0x003B7FF4+950260]
	Ordinal0 [0x003DC9F4+1100276]
	Ordinal0 [0x003ECC22+1166370]
	Ordinal0 [0x003DC5F6+1099254]
	Ordinal0 [0x003B6BE0+945120]
	Ordinal0 [0x003B7AD6+948950]
	GetHandleVerifier [0x007871F2+2712546]
	GetHandleVerifier [0x0077886D+2652765]
	GetHandleVerifier [0x0057002A+520730]
	GetHandleVerifier [0x0056EE06+516086]
	Ordinal0 [0x0048468B+1787531]
	Ordinal0 [0x00488E88+1805960]
	Ordinal0 [0x00488F75+1806197]
	Ordinal0 [0x00491DF1+1842673]
	BaseThreadInitThunk [0x75C6FA29+25]
	RtlGetAppContainerNamedObjectPath [0x77B47A9E+286]
	RtlGetAppContainerNamedObjectPath [0x77B47A6E+238]

2022-07-21 11:18:56,913_[line:169]_INFO_验证失败, 期望信息：允许关机,获取信息：,截屏文档：允许关机_20220721_111856_bug.png
2022-07-21 11:18:56,913_[line:226]_INFO_debug模式不提交缺陷
2022-07-21 11:18:56,913_[line:110]_INFO_验证功能模块-关闭休眠
2022-07-21 11:18:56,913_[line:140]_INFO_验证信息：关闭休眠
2022-07-21 11:19:01,977_[line:162]_INFO_验证信息关闭休眠-失败
2022-07-21 11:19:01,977_[line:163]_ERROR_Message: no such element: Unable to locate element: {"method":"tag name","selector":"ul"}
  (Session info: chrome=103.0.5060.114)
Stacktrace:
Backtrace:
	Ordinal0 [0x004E6463+2188387]
	Ordinal0 [0x0047E461+1762401]
	Ordinal0 [0x00393D78+802168]
	Ordinal0 [0x003C1880+989312]
	Ordinal0 [0x003C1B1B+989979]
	Ordinal0 [0x003B8071+950385]
	Ordinal0 [0x003DC824+1099812]
	Ordinal0 [0x003B7FF4+950260]
	Ordinal0 [0x003DC9F4+1100276]
	Ordinal0 [0x003ECC22+1166370]
	Ordinal0 [0x003DC5F6+1099254]
	Ordinal0 [0x003B6BE0+945120]
	Ordinal0 [0x003B7AD6+948950]
	GetHandleVerifier [0x007871F2+2712546]
	GetHandleVerifier [0x0077886D+2652765]
	GetHandleVerifier [0x0057002A+520730]
	GetHandleVerifier [0x0056EE06+516086]
	Ordinal0 [0x0048468B+1787531]
	Ordinal0 [0x00488E88+1805960]
	Ordinal0 [0x00488F75+1806197]
	Ordinal0 [0x00491DF1+1842673]
	BaseThreadInitThunk [0x75C6FA29+25]
	RtlGetAppContainerNamedObjectPath [0x77B47A9E+286]
	RtlGetAppContainerNamedObjectPath [0x77B47A6E+238]

2022-07-21 11:19:02,093_[line:169]_INFO_验证失败, 期望信息：关闭休眠,获取信息：,截屏文档：关闭休眠_20220721_111901_bug.png
2022-07-21 11:19:02,093_[line:226]_INFO_debug模式不提交缺陷
