2022-07-21 12:21:26,404_[line:84]_INFO_初始化pingcode配置
2022-07-21 12:21:26,840_[line:49]_INFO_初始化浏览器
2022-07-21 12:21:28,169_[line:56]_INFO_初始化成功
2022-07-21 12:21:28,169_[line:115]_INFO_登录平台, 账号：0625
2022-07-21 12:21:30,964_[line:185]_INFO_验证是否有提示信息
2022-07-21 12:21:35,998_[line:197]_INFO_没有提示信息
2022-07-21 12:21:35,998_[line:78]_INFO_验证左侧栏菜单
2022-07-21 12:21:36,014_[line:86]_INFO_验证左侧栏菜单-赛事活动
2022-07-21 12:21:36,014_[line:140]_INFO_验证信息：赛事活动
2022-07-21 12:21:36,033_[line:159]_INFO_验证信息赛事活动-成功
2022-07-21 12:21:36,033_[line:86]_INFO_验证左侧栏菜单-活动报名
2022-07-21 12:21:36,033_[line:140]_INFO_验证信息：活动报名
2022-07-21 12:21:36,052_[line:159]_INFO_验证信息活动报名-成功
2022-07-21 12:21:36,052_[line:86]_INFO_验证左侧栏菜单-直播管理
2022-07-21 12:21:36,052_[line:140]_INFO_验证信息：直播管理
2022-07-21 12:21:36,070_[line:159]_INFO_验证信息直播管理-成功
2022-07-21 12:21:36,070_[line:86]_INFO_验证左侧栏菜单-安全预警
2022-07-21 12:21:36,070_[line:140]_INFO_验证信息：安全预警
2022-07-21 12:21:36,086_[line:159]_INFO_验证信息安全预警-成功
2022-07-21 12:21:36,086_[line:86]_INFO_验证左侧栏菜单-设备指令
2022-07-21 12:21:36,086_[line:140]_INFO_验证信息：设备指令
2022-07-21 12:21:36,102_[line:159]_INFO_验证信息设备指令-成功
2022-07-21 12:21:36,142_[line:124]_INFO_验证安全预警页面文字
2022-07-21 12:21:36,142_[line:129]_INFO_安全预警元素验证-顶部栏
2022-07-21 12:21:36,142_[line:140]_INFO_验证信息：安全预警
2022-07-21 12:21:36,208_[line:159]_INFO_验证信息安全预警-成功
2022-07-21 12:21:36,208_[line:146]_INFO_安全预警元素验证-tab标签
2022-07-21 12:21:36,217_[line:140]_INFO_验证信息：基本设置
2022-07-21 12:21:36,225_[line:159]_INFO_验证信息基本设置-成功
2022-07-21 12:21:36,225_[line:140]_INFO_验证信息：联系信息
2022-07-21 12:21:36,232_[line:159]_INFO_验证信息联系信息-成功
2022-07-21 12:21:36,232_[line:129]_INFO_安全预警元素验证-表格标题
2022-07-21 12:21:36,248_[line:140]_INFO_验证信息：人员监控通知
2022-07-21 12:21:36,264_[line:159]_INFO_验证信息人员监控通知-成功
2022-07-21 12:21:36,264_[line:129]_INFO_安全预警元素验证-表格标题
2022-07-21 12:21:36,304_[line:140]_INFO_验证信息：电子围栏监控通知
2022-07-21 12:21:36,322_[line:159]_INFO_验证信息电子围栏监控通知-成功
2022-07-21 12:21:36,364_[line:158]_INFO_验证设备指令页面文字
2022-07-21 12:21:36,364_[line:163]_INFO_设备指令元素验证顶部栏
2022-07-21 12:21:36,364_[line:140]_INFO_验证信息：设备指令
2022-07-21 12:21:36,502_[line:159]_INFO_验证信息设备指令-成功
2022-07-21 12:21:36,503_[line:99]_INFO_验证功能模块
2022-07-21 12:21:36,641_[line:110]_INFO_验证功能模块-重启
2022-07-21 12:21:36,641_[line:111]_ERROR_功能数量一致,期望9,实际是9
2022-07-21 12:21:36,641_[line:140]_INFO_验证信息：重启
2022-07-21 12:21:41,684_[line:162]_INFO_验证信息重启-失败
2022-07-21 12:21:41,684_[line:163]_ERROR_Message: no such element: Unable to locate element: {"method":"tag name","selector":"//li[@class='direct-btn']"}
  (Session info: chrome=103.0.5060.114)
Stacktrace:
Backtrace:
	Ordinal0 [0x004E6463+2188387]
	Ordinal0 [0x0047E461+1762401]
	Ordinal0 [0x00393D78+802168]
	Ordinal0 [0x003C1880+989312]
	Ordinal0 [0x003C1B1B+989979]
	Ordinal0 [0x003B8071+950385]
	Ordinal0 [0x003DC824+1099812]
	Ordinal0 [0x003B7FF4+950260]
	Ordinal0 [0x003DC9F4+1100276]
	Ordinal0 [0x003ECC22+1166370]
	Ordinal0 [0x003DC5F6+1099254]
	Ordinal0 [0x003B6BE0+945120]
	Ordinal0 [0x003B7AD6+948950]
	GetHandleVerifier [0x007871F2+2712546]
	GetHandleVerifier [0x0077886D+2652765]
	GetHandleVerifier [0x0057002A+520730]
	GetHandleVerifier [0x0056EE06+516086]
	Ordinal0 [0x0048468B+1787531]
	Ordinal0 [0x00488E88+1805960]
	Ordinal0 [0x00488F75+1806197]
	Ordinal0 [0x00491DF1+1842673]
	BaseThreadInitThunk [0x75C6FA29+25]
	RtlGetAppContainerNamedObjectPath [0x77B47A9E+286]
	RtlGetAppContainerNamedObjectPath [0x77B47A6E+238]

2022-07-21 12:21:41,803_[line:169]_INFO_验证失败, 期望信息：重启,获取信息：,截屏文档：重启_20220721_122141_bug.png
2022-07-21 12:21:41,803_[line:226]_INFO_debug模式不提交缺陷
2022-07-21 12:21:41,803_[line:110]_INFO_验证功能模块-恢复出厂
2022-07-21 12:21:41,803_[line:111]_ERROR_功能数量一致,期望9,实际是9
2022-07-21 12:21:41,803_[line:140]_INFO_验证信息：恢复出厂
2022-07-21 12:21:46,819_[line:162]_INFO_验证信息恢复出厂-失败
2022-07-21 12:21:46,819_[line:163]_ERROR_Message: no such element: Unable to locate element: {"method":"tag name","selector":"//li[@class='direct-btn']"}
  (Session info: chrome=103.0.5060.114)
Stacktrace:
Backtrace:
	Ordinal0 [0x004E6463+2188387]
	Ordinal0 [0x0047E461+1762401]
	Ordinal0 [0x00393D78+802168]
	Ordinal0 [0x003C1880+989312]
	Ordinal0 [0x003C1B1B+989979]
	Ordinal0 [0x003B8071+950385]
	Ordinal0 [0x003DC824+1099812]
	Ordinal0 [0x003B7FF4+950260]
	Ordinal0 [0x003DC9F4+1100276]
	Ordinal0 [0x003ECC22+1166370]
	Ordinal0 [0x003DC5F6+1099254]
	Ordinal0 [0x003B6BE0+945120]
	Ordinal0 [0x003B7AD6+948950]
	GetHandleVerifier [0x007871F2+2712546]
	GetHandleVerifier [0x0077886D+2652765]
	GetHandleVerifier [0x0057002A+520730]
	GetHandleVerifier [0x0056EE06+516086]
	Ordinal0 [0x0048468B+1787531]
	Ordinal0 [0x00488E88+1805960]
	Ordinal0 [0x00488F75+1806197]
	Ordinal0 [0x00491DF1+1842673]
	BaseThreadInitThunk [0x75C6FA29+25]
	RtlGetAppContainerNamedObjectPath [0x77B47A9E+286]
	RtlGetAppContainerNamedObjectPath [0x77B47A6E+238]

2022-07-21 12:21:46,927_[line:169]_INFO_验证失败, 期望信息：恢复出厂,获取信息：,截屏文档：恢复出厂_20220721_122146_bug.png
2022-07-21 12:21:46,927_[line:226]_INFO_debug模式不提交缺陷
2022-07-21 12:21:46,927_[line:110]_INFO_验证功能模块-远程关机
2022-07-21 12:21:46,927_[line:111]_ERROR_功能数量一致,期望9,实际是9
2022-07-21 12:21:46,927_[line:140]_INFO_验证信息：远程关机
2022-07-21 12:21:51,982_[line:162]_INFO_验证信息远程关机-失败
2022-07-21 12:21:51,982_[line:163]_ERROR_Message: no such element: Unable to locate element: {"method":"tag name","selector":"//li[@class='direct-btn']"}
  (Session info: chrome=103.0.5060.114)
Stacktrace:
Backtrace:
	Ordinal0 [0x004E6463+2188387]
	Ordinal0 [0x0047E461+1762401]
	Ordinal0 [0x00393D78+802168]
	Ordinal0 [0x003C1880+989312]
	Ordinal0 [0x003C1B1B+989979]
	Ordinal0 [0x003B8071+950385]
	Ordinal0 [0x003DC824+1099812]
	Ordinal0 [0x003B7FF4+950260]
	Ordinal0 [0x003DC9F4+1100276]
	Ordinal0 [0x003ECC22+1166370]
	Ordinal0 [0x003DC5F6+1099254]
	Ordinal0 [0x003B6BE0+945120]
	Ordinal0 [0x003B7AD6+948950]
	GetHandleVerifier [0x007871F2+2712546]
	GetHandleVerifier [0x0077886D+2652765]
	GetHandleVerifier [0x0057002A+520730]
	GetHandleVerifier [0x0056EE06+516086]
	Ordinal0 [0x0048468B+1787531]
	Ordinal0 [0x00488E88+1805960]
	Ordinal0 [0x00488F75+1806197]
	Ordinal0 [0x00491DF1+1842673]
	BaseThreadInitThunk [0x75C6FA29+25]
	RtlGetAppContainerNamedObjectPath [0x77B47A9E+286]
	RtlGetAppContainerNamedObjectPath [0x77B47A6E+238]

2022-07-21 12:21:52,083_[line:169]_INFO_验证失败, 期望信息：远程关机,获取信息：,截屏文档：远程关机_20220721_122151_bug.png
2022-07-21 12:21:52,083_[line:226]_INFO_debug模式不提交缺陷
2022-07-21 12:21:52,083_[line:110]_INFO_验证功能模块-禁止关机
2022-07-21 12:21:52,083_[line:111]_ERROR_功能数量一致,期望9,实际是9
2022-07-21 12:21:52,083_[line:140]_INFO_验证信息：禁止关机
2022-07-21 12:21:57,139_[line:162]_INFO_验证信息禁止关机-失败
2022-07-21 12:21:57,140_[line:163]_ERROR_Message: no such element: Unable to locate element: {"method":"tag name","selector":"//li[@class='direct-btn']"}
  (Session info: chrome=103.0.5060.114)
Stacktrace:
Backtrace:
	Ordinal0 [0x004E6463+2188387]
	Ordinal0 [0x0047E461+1762401]
	Ordinal0 [0x00393D78+802168]
	Ordinal0 [0x003C1880+989312]
	Ordinal0 [0x003C1B1B+989979]
	Ordinal0 [0x003B8071+950385]
	Ordinal0 [0x003DC824+1099812]
	Ordinal0 [0x003B7FF4+950260]
	Ordinal0 [0x003DC9F4+1100276]
	Ordinal0 [0x003ECC22+1166370]
	Ordinal0 [0x003DC5F6+1099254]
	Ordinal0 [0x003B6BE0+945120]
	Ordinal0 [0x003B7AD6+948950]
	GetHandleVerifier [0x007871F2+2712546]
	GetHandleVerifier [0x0077886D+2652765]
	GetHandleVerifier [0x0057002A+520730]
	GetHandleVerifier [0x0056EE06+516086]
	Ordinal0 [0x0048468B+1787531]
	Ordinal0 [0x00488E88+1805960]
	Ordinal0 [0x00488F75+1806197]
	Ordinal0 [0x00491DF1+1842673]
	BaseThreadInitThunk [0x75C6FA29+25]
	RtlGetAppContainerNamedObjectPath [0x77B47A9E+286]
	RtlGetAppContainerNamedObjectPath [0x77B47A6E+238]

2022-07-21 12:21:57,263_[line:169]_INFO_验证失败, 期望信息：禁止关机,获取信息：,截屏文档：禁止关机_20220721_122157_bug.png
2022-07-21 12:21:57,263_[line:226]_INFO_debug模式不提交缺陷
2022-07-21 12:21:57,263_[line:110]_INFO_验证功能模块-上传频度
2022-07-21 12:21:57,263_[line:111]_ERROR_功能数量一致,期望9,实际是9
2022-07-21 12:21:57,263_[line:140]_INFO_验证信息：上传频度
2022-07-21 12:22:02,286_[line:162]_INFO_验证信息上传频度-失败
2022-07-21 12:22:02,286_[line:163]_ERROR_Message: no such element: Unable to locate element: {"method":"tag name","selector":"//li[@class='direct-btn']"}
  (Session info: chrome=103.0.5060.114)
Stacktrace:
Backtrace:
	Ordinal0 [0x004E6463+2188387]
	Ordinal0 [0x0047E461+1762401]
	Ordinal0 [0x00393D78+802168]
	Ordinal0 [0x003C1880+989312]
	Ordinal0 [0x003C1B1B+989979]
	Ordinal0 [0x003B8071+950385]
	Ordinal0 [0x003DC824+1099812]
	Ordinal0 [0x003B7FF4+950260]
	Ordinal0 [0x003DC9F4+1100276]
	Ordinal0 [0x003ECC22+1166370]
	Ordinal0 [0x003DC5F6+1099254]
	Ordinal0 [0x003B6BE0+945120]
	Ordinal0 [0x003B7AD6+948950]
	GetHandleVerifier [0x007871F2+2712546]
	GetHandleVerifier [0x0077886D+2652765]
	GetHandleVerifier [0x0057002A+520730]
	GetHandleVerifier [0x0056EE06+516086]
	Ordinal0 [0x0048468B+1787531]
	Ordinal0 [0x00488E88+1805960]
	Ordinal0 [0x00488F75+1806197]
	Ordinal0 [0x00491DF1+1842673]
	BaseThreadInitThunk [0x75C6FA29+25]
	RtlGetAppContainerNamedObjectPath [0x77B47A9E+286]
	RtlGetAppContainerNamedObjectPath [0x77B47A6E+238]

2022-07-21 12:22:02,405_[line:169]_INFO_验证失败, 期望信息：上传频度,获取信息：,截屏文档：上传频度_20220721_122202_bug.png
2022-07-21 12:22:02,405_[line:226]_INFO_debug模式不提交缺陷
2022-07-21 12:22:02,405_[line:110]_INFO_验证功能模块-设置ip或域名
2022-07-21 12:22:02,405_[line:111]_ERROR_功能数量一致,期望9,实际是9
2022-07-21 12:22:02,405_[line:140]_INFO_验证信息：设置ip或域名
2022-07-21 12:22:07,409_[line:162]_INFO_验证信息设置ip或域名-失败
2022-07-21 12:22:07,409_[line:163]_ERROR_Message: no such element: Unable to locate element: {"method":"tag name","selector":"//li[@class='direct-btn']"}
  (Session info: chrome=103.0.5060.114)
Stacktrace:
Backtrace:
	Ordinal0 [0x004E6463+2188387]
	Ordinal0 [0x0047E461+1762401]
	Ordinal0 [0x00393D78+802168]
	Ordinal0 [0x003C1880+989312]
	Ordinal0 [0x003C1B1B+989979]
	Ordinal0 [0x003B8071+950385]
	Ordinal0 [0x003DC824+1099812]
	Ordinal0 [0x003B7FF4+950260]
	Ordinal0 [0x003DC9F4+1100276]
	Ordinal0 [0x003ECC22+1166370]
	Ordinal0 [0x003DC5F6+1099254]
	Ordinal0 [0x003B6BE0+945120]
	Ordinal0 [0x003B7AD6+948950]
	GetHandleVerifier [0x007871F2+2712546]
	GetHandleVerifier [0x0077886D+2652765]
	GetHandleVerifier [0x0057002A+520730]
	GetHandleVerifier [0x0056EE06+516086]
	Ordinal0 [0x0048468B+1787531]
	Ordinal0 [0x00488E88+1805960]
	Ordinal0 [0x00488F75+1806197]
	Ordinal0 [0x00491DF1+1842673]
	BaseThreadInitThunk [0x75C6FA29+25]
	RtlGetAppContainerNamedObjectPath [0x77B47A9E+286]
	RtlGetAppContainerNamedObjectPath [0x77B47A6E+238]

2022-07-21 12:22:07,508_[line:169]_INFO_验证失败, 期望信息：设置ip或域名,获取信息：,截屏文档：设置ip或域名_20220721_122207_bug.png
2022-07-21 12:22:07,508_[line:226]_INFO_debug模式不提交缺陷
2022-07-21 12:22:07,508_[line:110]_INFO_验证功能模块-设置端口
2022-07-21 12:22:07,508_[line:111]_ERROR_功能数量一致,期望9,实际是9
2022-07-21 12:22:07,509_[line:140]_INFO_验证信息：设置端口
2022-07-21 12:22:12,567_[line:162]_INFO_验证信息设置端口-失败
2022-07-21 12:22:12,567_[line:163]_ERROR_Message: no such element: Unable to locate element: {"method":"tag name","selector":"//li[@class='direct-btn']"}
  (Session info: chrome=103.0.5060.114)
Stacktrace:
Backtrace:
	Ordinal0 [0x004E6463+2188387]
	Ordinal0 [0x0047E461+1762401]
	Ordinal0 [0x00393D78+802168]
	Ordinal0 [0x003C1880+989312]
	Ordinal0 [0x003C1B1B+989979]
	Ordinal0 [0x003B8071+950385]
	Ordinal0 [0x003DC824+1099812]
	Ordinal0 [0x003B7FF4+950260]
	Ordinal0 [0x003DC9F4+1100276]
	Ordinal0 [0x003ECC22+1166370]
	Ordinal0 [0x003DC5F6+1099254]
	Ordinal0 [0x003B6BE0+945120]
	Ordinal0 [0x003B7AD6+948950]
	GetHandleVerifier [0x007871F2+2712546]
	GetHandleVerifier [0x0077886D+2652765]
	GetHandleVerifier [0x0057002A+520730]
	GetHandleVerifier [0x0056EE06+516086]
	Ordinal0 [0x0048468B+1787531]
	Ordinal0 [0x00488E88+1805960]
	Ordinal0 [0x00488F75+1806197]
	Ordinal0 [0x00491DF1+1842673]
	BaseThreadInitThunk [0x75C6FA29+25]
	RtlGetAppContainerNamedObjectPath [0x77B47A9E+286]
	RtlGetAppContainerNamedObjectPath [0x77B47A6E+238]

2022-07-21 12:22:12,679_[line:169]_INFO_验证失败, 期望信息：设置端口,获取信息：,截屏文档：设置端口_20220721_122212_bug.png
2022-07-21 12:22:12,680_[line:226]_INFO_debug模式不提交缺陷
2022-07-21 12:22:12,680_[line:110]_INFO_验证功能模块-允许关机
2022-07-21 12:22:12,680_[line:111]_ERROR_功能数量一致,期望9,实际是9
2022-07-21 12:22:12,680_[line:140]_INFO_验证信息：允许关机
2022-07-21 12:22:17,687_[line:162]_INFO_验证信息允许关机-失败
2022-07-21 12:22:17,688_[line:163]_ERROR_Message: no such element: Unable to locate element: {"method":"tag name","selector":"//li[@class='direct-btn']"}
  (Session info: chrome=103.0.5060.114)
Stacktrace:
Backtrace:
	Ordinal0 [0x004E6463+2188387]
	Ordinal0 [0x0047E461+1762401]
	Ordinal0 [0x00393D78+802168]
	Ordinal0 [0x003C1880+989312]
	Ordinal0 [0x003C1B1B+989979]
	Ordinal0 [0x003B8071+950385]
	Ordinal0 [0x003DC824+1099812]
	Ordinal0 [0x003B7FF4+950260]
	Ordinal0 [0x003DC9F4+1100276]
	Ordinal0 [0x003ECC22+1166370]
	Ordinal0 [0x003DC5F6+1099254]
	Ordinal0 [0x003B6BE0+945120]
	Ordinal0 [0x003B7AD6+948950]
	GetHandleVerifier [0x007871F2+2712546]
	GetHandleVerifier [0x0077886D+2652765]
	GetHandleVerifier [0x0057002A+520730]
	GetHandleVerifier [0x0056EE06+516086]
	Ordinal0 [0x0048468B+1787531]
	Ordinal0 [0x00488E88+1805960]
	Ordinal0 [0x00488F75+1806197]
	Ordinal0 [0x00491DF1+1842673]
	BaseThreadInitThunk [0x75C6FA29+25]
	RtlGetAppContainerNamedObjectPath [0x77B47A9E+286]
	RtlGetAppContainerNamedObjectPath [0x77B47A6E+238]

2022-07-21 12:22:17,809_[line:169]_INFO_验证失败, 期望信息：允许关机,获取信息：,截屏文档：允许关机_20220721_122217_bug.png
2022-07-21 12:22:17,809_[line:226]_INFO_debug模式不提交缺陷
2022-07-21 12:22:17,809_[line:110]_INFO_验证功能模块-关闭休眠
2022-07-21 12:22:17,810_[line:111]_ERROR_功能数量一致,期望9,实际是9
2022-07-21 12:22:17,810_[line:140]_INFO_验证信息：关闭休眠
2022-07-21 12:22:22,862_[line:162]_INFO_验证信息关闭休眠-失败
2022-07-21 12:22:22,862_[line:163]_ERROR_Message: no such element: Unable to locate element: {"method":"tag name","selector":"//li[@class='direct-btn']"}
  (Session info: chrome=103.0.5060.114)
Stacktrace:
Backtrace:
	Ordinal0 [0x004E6463+2188387]
	Ordinal0 [0x0047E461+1762401]
	Ordinal0 [0x00393D78+802168]
	Ordinal0 [0x003C1880+989312]
	Ordinal0 [0x003C1B1B+989979]
	Ordinal0 [0x003B8071+950385]
	Ordinal0 [0x003DC824+1099812]
	Ordinal0 [0x003B7FF4+950260]
	Ordinal0 [0x003DC9F4+1100276]
	Ordinal0 [0x003ECC22+1166370]
	Ordinal0 [0x003DC5F6+1099254]
	Ordinal0 [0x003B6BE0+945120]
	Ordinal0 [0x003B7AD6+948950]
	GetHandleVerifier [0x007871F2+2712546]
	GetHandleVerifier [0x0077886D+2652765]
	GetHandleVerifier [0x0057002A+520730]
	GetHandleVerifier [0x0056EE06+516086]
	Ordinal0 [0x0048468B+1787531]
	Ordinal0 [0x00488E88+1805960]
	Ordinal0 [0x00488F75+1806197]
	Ordinal0 [0x00491DF1+1842673]
	BaseThreadInitThunk [0x75C6FA29+25]
	RtlGetAppContainerNamedObjectPath [0x77B47A9E+286]
	RtlGetAppContainerNamedObjectPath [0x77B47A6E+238]

2022-07-21 12:22:22,967_[line:169]_INFO_验证失败, 期望信息：关闭休眠,获取信息：,截屏文档：关闭休眠_20220721_122222_bug.png
2022-07-21 12:22:22,967_[line:226]_INFO_debug模式不提交缺陷
