2022-07-21 14:11:22,367_[line:84]_INFO_初始化pingcode配置
2022-07-21 14:11:33,801_[line:49]_INFO_初始化浏览器
2022-07-21 14:11:35,157_[line:56]_INFO_初始化成功
2022-07-21 14:11:35,157_[line:115]_INFO_登录平台, 账号：0625
2022-07-21 14:11:37,912_[line:185]_INFO_验证是否有提示信息
2022-07-21 14:11:42,972_[line:197]_INFO_没有提示信息
2022-07-21 14:11:42,972_[line:78]_INFO_验证左侧栏菜单
2022-07-21 14:11:42,990_[line:86]_INFO_验证左侧栏菜单-赛事活动
2022-07-21 14:11:42,990_[line:140]_INFO_验证信息：赛事活动
2022-07-21 14:11:43,013_[line:159]_INFO_验证信息赛事活动-成功
2022-07-21 14:11:43,014_[line:86]_INFO_验证左侧栏菜单-活动报名
2022-07-21 14:11:43,014_[line:140]_INFO_验证信息：活动报名
2022-07-21 14:11:43,035_[line:159]_INFO_验证信息活动报名-成功
2022-07-21 14:11:43,035_[line:86]_INFO_验证左侧栏菜单-直播管理
2022-07-21 14:11:43,035_[line:140]_INFO_验证信息：直播管理
2022-07-21 14:11:43,054_[line:159]_INFO_验证信息直播管理-成功
2022-07-21 14:11:43,054_[line:86]_INFO_验证左侧栏菜单-安全预警
2022-07-21 14:11:43,054_[line:140]_INFO_验证信息：安全预警
2022-07-21 14:11:43,073_[line:159]_INFO_验证信息安全预警-成功
2022-07-21 14:11:43,073_[line:86]_INFO_验证左侧栏菜单-设备指令
2022-07-21 14:11:43,073_[line:140]_INFO_验证信息：设备指令
2022-07-21 14:11:43,091_[line:159]_INFO_验证信息设备指令-成功
2022-07-21 14:11:43,133_[line:125]_INFO_验证安全预警页面文字
2022-07-21 14:11:43,133_[line:130]_INFO_安全预警元素验证-顶部栏
2022-07-21 14:11:43,133_[line:140]_INFO_验证信息：安全预警
2022-07-21 14:11:43,202_[line:159]_INFO_验证信息安全预警-成功
2022-07-21 14:11:43,202_[line:147]_INFO_安全预警元素验证-tab标签
2022-07-21 14:11:43,212_[line:140]_INFO_验证信息：基本设置
2022-07-21 14:11:43,221_[line:159]_INFO_验证信息基本设置-成功
2022-07-21 14:11:43,221_[line:140]_INFO_验证信息：联系信息
2022-07-21 14:11:43,229_[line:159]_INFO_验证信息联系信息-成功
2022-07-21 14:11:43,229_[line:130]_INFO_安全预警元素验证-表格标题
2022-07-21 14:11:43,249_[line:140]_INFO_验证信息：人员监控通知
2022-07-21 14:11:43,280_[line:159]_INFO_验证信息人员监控通知-成功
2022-07-21 14:11:43,280_[line:130]_INFO_安全预警元素验证-表格标题
2022-07-21 14:11:43,311_[line:140]_INFO_验证信息：电子围栏监控通知
2022-07-21 14:11:43,328_[line:159]_INFO_验证信息电子围栏监控通知-成功
2022-07-21 14:11:43,375_[line:159]_INFO_验证设备指令页面文字
2022-07-21 14:11:43,376_[line:164]_INFO_设备指令元素验证顶部栏
2022-07-21 14:11:43,376_[line:140]_INFO_验证信息：设备指令
2022-07-21 14:11:43,508_[line:159]_INFO_验证信息设备指令-成功
2022-07-21 14:11:43,510_[line:99]_INFO_验证功能模块
2022-07-21 14:11:52,653_[line:107]_ERROR_功能数量不对,期望9,实际是1
2022-07-21 14:12:01,081_[line:110]_INFO_验证功能模块-重启
2022-07-21 14:12:05,210_[line:140]_INFO_验证信息：重启
2022-07-21 14:12:05,235_[line:159]_INFO_验证信息重启-成功
