2022-07-21 11:01:09,118_[line:84]_INFO_初始化pingcode配置
2022-07-21 11:01:09,358_[line:49]_INFO_初始化浏览器
2022-07-21 11:01:10,687_[line:56]_INFO_初始化成功
2022-07-21 11:01:10,687_[line:115]_INFO_登录平台, 账号：0625
2022-07-21 11:01:13,308_[line:185]_INFO_验证是否有提示信息
2022-07-21 11:01:18,337_[line:197]_INFO_没有提示信息
2022-07-21 11:01:18,337_[line:78]_INFO_验证左侧栏菜单
2022-07-21 11:01:18,354_[line:86]_INFO_验证左侧栏菜单-赛事活动
2022-07-21 11:01:18,354_[line:140]_INFO_验证信息：赛事活动
2022-07-21 11:01:18,374_[line:159]_INFO_验证信息赛事活动-成功
2022-07-21 11:01:18,374_[line:86]_INFO_验证左侧栏菜单-活动报名
2022-07-21 11:01:18,375_[line:140]_INFO_验证信息：活动报名
2022-07-21 11:01:18,394_[line:159]_INFO_验证信息活动报名-成功
2022-07-21 11:01:18,394_[line:86]_INFO_验证左侧栏菜单-直播管理
2022-07-21 11:01:18,394_[line:140]_INFO_验证信息：直播管理
2022-07-21 11:01:18,413_[line:159]_INFO_验证信息直播管理-成功
2022-07-21 11:01:18,413_[line:86]_INFO_验证左侧栏菜单-安全预警
2022-07-21 11:01:18,413_[line:140]_INFO_验证信息：安全预警
2022-07-21 11:01:18,430_[line:159]_INFO_验证信息安全预警-成功
2022-07-21 11:01:18,430_[line:86]_INFO_验证左侧栏菜单-设备指令
2022-07-21 11:01:18,430_[line:140]_INFO_验证信息：设备指令
2022-07-21 11:01:18,449_[line:159]_INFO_验证信息设备指令-成功
2022-07-21 11:01:18,490_[line:123]_INFO_验证安全预警页面文字
2022-07-21 11:01:18,490_[line:128]_INFO_安全预警元素验证-顶部栏
2022-07-21 11:01:18,490_[line:140]_INFO_验证信息：安全预警
2022-07-21 11:01:18,557_[line:159]_INFO_验证信息安全预警-成功
2022-07-21 11:01:18,557_[line:145]_INFO_安全预警元素验证-tab标签
2022-07-21 11:01:18,566_[line:140]_INFO_验证信息：基本设置
2022-07-21 11:01:18,574_[line:159]_INFO_验证信息基本设置-成功
2022-07-21 11:01:18,574_[line:140]_INFO_验证信息：联系信息
2022-07-21 11:01:18,582_[line:159]_INFO_验证信息联系信息-成功
2022-07-21 11:01:18,582_[line:128]_INFO_安全预警元素验证-表格标题
2022-07-21 11:01:18,600_[line:140]_INFO_验证信息：人员监控通知
2022-07-21 11:01:18,616_[line:159]_INFO_验证信息人员监控通知-成功
2022-07-21 11:01:18,616_[line:128]_INFO_安全预警元素验证-表格标题
2022-07-21 11:01:18,657_[line:140]_INFO_验证信息：电子围栏监控通知
2022-07-21 11:01:18,677_[line:159]_INFO_验证信息电子围栏监控通知-成功
2022-07-21 11:01:18,718_[line:157]_INFO_验证设备指令页面文字
2022-07-21 11:01:18,718_[line:162]_INFO_设备指令元素验证顶部栏
2022-07-21 11:01:18,718_[line:140]_INFO_验证信息：设备指令
2022-07-21 11:01:18,830_[line:159]_INFO_验证信息设备指令-成功
2022-07-21 11:01:18,830_[line:99]_INFO_验证功能模块
2022-07-21 11:01:23,900_[line:107]_ERROR_功能数量不对,期望9,实际是0
