2022-07-21 13:36:46,093_[line:84]_INFO_初始化pingcode配置
2022-07-21 13:36:46,364_[line:49]_INFO_初始化浏览器
2022-07-21 13:36:47,696_[line:56]_INFO_初始化成功
2022-07-21 13:36:47,696_[line:115]_INFO_登录平台, 账号：0625
2022-07-21 13:36:49,194_[line:185]_INFO_验证是否有提示信息
2022-07-21 13:36:54,239_[line:197]_INFO_没有提示信息
2022-07-21 13:36:54,239_[line:78]_INFO_验证左侧栏菜单
2022-07-21 13:36:54,257_[line:86]_INFO_验证左侧栏菜单-赛事活动
2022-07-21 13:36:54,258_[line:140]_INFO_验证信息：赛事活动
2022-07-21 13:36:54,279_[line:159]_INFO_验证信息赛事活动-成功
2022-07-21 13:36:54,279_[line:86]_INFO_验证左侧栏菜单-活动报名
2022-07-21 13:36:54,281_[line:140]_INFO_验证信息：活动报名
2022-07-21 13:36:54,302_[line:159]_INFO_验证信息活动报名-成功
2022-07-21 13:36:54,302_[line:86]_INFO_验证左侧栏菜单-直播管理
2022-07-21 13:36:54,302_[line:140]_INFO_验证信息：直播管理
2022-07-21 13:36:54,320_[line:159]_INFO_验证信息直播管理-成功
2022-07-21 13:36:54,320_[line:86]_INFO_验证左侧栏菜单-安全预警
2022-07-21 13:36:54,320_[line:140]_INFO_验证信息：安全预警
2022-07-21 13:36:54,337_[line:159]_INFO_验证信息安全预警-成功
2022-07-21 13:36:54,337_[line:86]_INFO_验证左侧栏菜单-设备指令
2022-07-21 13:36:54,337_[line:140]_INFO_验证信息：设备指令
2022-07-21 13:36:54,355_[line:159]_INFO_验证信息设备指令-成功
2022-07-21 13:36:54,406_[line:124]_INFO_验证安全预警页面文字
2022-07-21 13:36:54,406_[line:129]_INFO_安全预警元素验证-顶部栏
2022-07-21 13:36:54,406_[line:140]_INFO_验证信息：安全预警
2022-07-21 13:36:54,480_[line:159]_INFO_验证信息安全预警-成功
2022-07-21 13:36:54,480_[line:146]_INFO_安全预警元素验证-tab标签
2022-07-21 13:36:54,489_[line:140]_INFO_验证信息：基本设置
2022-07-21 13:36:54,497_[line:159]_INFO_验证信息基本设置-成功
2022-07-21 13:36:54,497_[line:140]_INFO_验证信息：联系信息
2022-07-21 13:36:54,506_[line:159]_INFO_验证信息联系信息-成功
2022-07-21 13:36:54,506_[line:129]_INFO_安全预警元素验证-表格标题
2022-07-21 13:36:54,521_[line:140]_INFO_验证信息：人员监控通知
2022-07-21 13:36:54,538_[line:159]_INFO_验证信息人员监控通知-成功
2022-07-21 13:36:54,538_[line:129]_INFO_安全预警元素验证-表格标题
2022-07-21 13:36:54,556_[line:140]_INFO_验证信息：电子围栏监控通知
2022-07-21 13:36:54,596_[line:159]_INFO_验证信息电子围栏监控通知-成功
2022-07-21 13:36:54,639_[line:158]_INFO_验证设备指令页面文字
2022-07-21 13:36:54,639_[line:163]_INFO_设备指令元素验证顶部栏
2022-07-21 13:36:54,639_[line:140]_INFO_验证信息：设备指令
2022-07-21 13:36:54,753_[line:159]_INFO_验证信息设备指令-成功
2022-07-21 13:36:54,753_[line:99]_INFO_验证功能模块
2022-07-21 13:36:54,908_[line:110]_INFO_验证功能模块-重启
2022-07-21 13:36:54,908_[line:111]_ERROR_功能数量一致,期望9,实际是9
2022-07-21 13:36:54,908_[line:110]_INFO_验证功能模块-恢复出厂
2022-07-21 13:36:54,908_[line:111]_ERROR_功能数量一致,期望9,实际是9
2022-07-21 13:36:54,908_[line:110]_INFO_验证功能模块-远程关机
2022-07-21 13:36:54,908_[line:111]_ERROR_功能数量一致,期望9,实际是9
2022-07-21 13:36:54,908_[line:110]_INFO_验证功能模块-禁止关机
2022-07-21 13:36:54,908_[line:111]_ERROR_功能数量一致,期望9,实际是9
2022-07-21 13:36:54,908_[line:110]_INFO_验证功能模块-上传频度
2022-07-21 13:36:54,908_[line:111]_ERROR_功能数量一致,期望9,实际是9
2022-07-21 13:36:54,908_[line:110]_INFO_验证功能模块-设置ip或域名
2022-07-21 13:36:54,908_[line:111]_ERROR_功能数量一致,期望9,实际是9
2022-07-21 13:36:54,908_[line:110]_INFO_验证功能模块-设置端口
2022-07-21 13:36:54,909_[line:111]_ERROR_功能数量一致,期望9,实际是9
2022-07-21 13:36:54,909_[line:110]_INFO_验证功能模块-允许关机
2022-07-21 13:36:54,909_[line:111]_ERROR_功能数量一致,期望9,实际是9
2022-07-21 13:36:54,909_[line:110]_INFO_验证功能模块-关闭休眠
2022-07-21 13:36:54,909_[line:111]_ERROR_功能数量一致,期望9,实际是9
