2022-07-21 13:49:04,821_[line:84]_INFO_初始化pingcode配置
2022-07-21 13:49:05,114_[line:49]_INFO_初始化浏览器
2022-07-21 13:49:06,452_[line:56]_INFO_初始化成功
2022-07-21 13:49:06,452_[line:115]_INFO_登录平台, 账号：0625
2022-07-21 13:49:10,186_[line:185]_INFO_验证是否有提示信息
2022-07-21 13:49:15,202_[line:197]_INFO_没有提示信息
2022-07-21 13:49:15,203_[line:78]_INFO_验证左侧栏菜单
2022-07-21 13:49:15,220_[line:86]_INFO_验证左侧栏菜单-赛事活动
2022-07-21 13:49:15,220_[line:140]_INFO_验证信息：赛事活动
2022-07-21 13:49:15,239_[line:159]_INFO_验证信息赛事活动-成功
2022-07-21 13:49:15,239_[line:86]_INFO_验证左侧栏菜单-活动报名
2022-07-21 13:49:15,242_[line:140]_INFO_验证信息：活动报名
2022-07-21 13:49:15,263_[line:159]_INFO_验证信息活动报名-成功
2022-07-21 13:49:15,263_[line:86]_INFO_验证左侧栏菜单-直播管理
2022-07-21 13:49:15,263_[line:140]_INFO_验证信息：直播管理
2022-07-21 13:49:15,280_[line:159]_INFO_验证信息直播管理-成功
2022-07-21 13:49:15,280_[line:86]_INFO_验证左侧栏菜单-安全预警
2022-07-21 13:49:15,280_[line:140]_INFO_验证信息：安全预警
2022-07-21 13:49:15,296_[line:159]_INFO_验证信息安全预警-成功
2022-07-21 13:49:15,297_[line:86]_INFO_验证左侧栏菜单-设备指令
2022-07-21 13:49:15,297_[line:140]_INFO_验证信息：设备指令
2022-07-21 13:49:15,313_[line:159]_INFO_验证信息设备指令-成功
2022-07-21 13:49:15,353_[line:124]_INFO_验证安全预警页面文字
2022-07-21 13:49:15,353_[line:129]_INFO_安全预警元素验证-顶部栏
2022-07-21 13:49:15,353_[line:140]_INFO_验证信息：安全预警
2022-07-21 13:49:15,421_[line:159]_INFO_验证信息安全预警-成功
2022-07-21 13:49:15,421_[line:146]_INFO_安全预警元素验证-tab标签
2022-07-21 13:49:15,430_[line:140]_INFO_验证信息：基本设置
2022-07-21 13:49:15,437_[line:159]_INFO_验证信息基本设置-成功
2022-07-21 13:49:15,437_[line:140]_INFO_验证信息：联系信息
2022-07-21 13:49:15,444_[line:159]_INFO_验证信息联系信息-成功
2022-07-21 13:49:15,444_[line:129]_INFO_安全预警元素验证-表格标题
2022-07-21 13:49:15,460_[line:140]_INFO_验证信息：人员监控通知
2022-07-21 13:49:15,478_[line:159]_INFO_验证信息人员监控通知-成功
2022-07-21 13:49:15,478_[line:129]_INFO_安全预警元素验证-表格标题
2022-07-21 13:49:15,494_[line:140]_INFO_验证信息：电子围栏监控通知
2022-07-21 13:49:15,534_[line:159]_INFO_验证信息电子围栏监控通知-成功
2022-07-21 13:49:15,572_[line:158]_INFO_验证设备指令页面文字
2022-07-21 13:49:15,572_[line:163]_INFO_设备指令元素验证顶部栏
2022-07-21 13:49:15,572_[line:140]_INFO_验证信息：设备指令
2022-07-21 13:49:15,692_[line:159]_INFO_验证信息设备指令-成功
2022-07-21 13:49:15,692_[line:99]_INFO_验证功能模块
2022-07-21 13:49:15,833_[line:110]_INFO_验证功能模块-重启
2022-07-21 13:49:15,833_[line:111]_ERROR_功能数量一致,期望9,实际是9
