2022-07-21 12:19:46,976_[line:84]_INFO_初始化pingcode配置
2022-07-21 12:19:47,241_[line:49]_INFO_初始化浏览器
2022-07-21 12:19:48,570_[line:56]_INFO_初始化成功
2022-07-21 12:19:48,570_[line:115]_INFO_登录平台, 账号：0625
2022-07-21 12:19:51,757_[line:185]_INFO_验证是否有提示信息
2022-07-21 12:19:56,781_[line:197]_INFO_没有提示信息
2022-07-21 12:19:56,781_[line:78]_INFO_验证左侧栏菜单
2022-07-21 12:19:56,798_[line:86]_INFO_验证左侧栏菜单-赛事活动
2022-07-21 12:19:56,798_[line:140]_INFO_验证信息：赛事活动
2022-07-21 12:19:56,817_[line:159]_INFO_验证信息赛事活动-成功
2022-07-21 12:19:56,817_[line:86]_INFO_验证左侧栏菜单-活动报名
2022-07-21 12:19:56,817_[line:140]_INFO_验证信息：活动报名
2022-07-21 12:19:56,837_[line:159]_INFO_验证信息活动报名-成功
2022-07-21 12:19:56,837_[line:86]_INFO_验证左侧栏菜单-直播管理
2022-07-21 12:19:56,837_[line:140]_INFO_验证信息：直播管理
2022-07-21 12:19:56,855_[line:159]_INFO_验证信息直播管理-成功
2022-07-21 12:19:56,855_[line:86]_INFO_验证左侧栏菜单-安全预警
2022-07-21 12:19:56,855_[line:140]_INFO_验证信息：安全预警
2022-07-21 12:19:56,871_[line:159]_INFO_验证信息安全预警-成功
2022-07-21 12:19:56,871_[line:86]_INFO_验证左侧栏菜单-设备指令
2022-07-21 12:19:56,871_[line:140]_INFO_验证信息：设备指令
2022-07-21 12:19:56,889_[line:159]_INFO_验证信息设备指令-成功
2022-07-21 12:19:56,930_[line:124]_INFO_验证安全预警页面文字
2022-07-21 12:19:56,930_[line:129]_INFO_安全预警元素验证-顶部栏
2022-07-21 12:19:56,930_[line:140]_INFO_验证信息：安全预警
2022-07-21 12:19:57,002_[line:159]_INFO_验证信息安全预警-成功
2022-07-21 12:19:57,002_[line:146]_INFO_安全预警元素验证-tab标签
2022-07-21 12:19:57,012_[line:140]_INFO_验证信息：基本设置
2022-07-21 12:19:57,020_[line:159]_INFO_验证信息基本设置-成功
2022-07-21 12:19:57,020_[line:140]_INFO_验证信息：联系信息
2022-07-21 12:19:57,027_[line:159]_INFO_验证信息联系信息-成功
2022-07-21 12:19:57,027_[line:129]_INFO_安全预警元素验证-表格标题
2022-07-21 12:19:57,043_[line:140]_INFO_验证信息：人员监控通知
2022-07-21 12:19:57,059_[line:159]_INFO_验证信息人员监控通知-成功
2022-07-21 12:19:57,060_[line:129]_INFO_安全预警元素验证-表格标题
2022-07-21 12:19:57,102_[line:140]_INFO_验证信息：电子围栏监控通知
2022-07-21 12:19:57,120_[line:159]_INFO_验证信息电子围栏监控通知-成功
2022-07-21 12:19:57,167_[line:158]_INFO_验证设备指令页面文字
2022-07-21 12:19:57,167_[line:163]_INFO_设备指令元素验证顶部栏
2022-07-21 12:19:57,167_[line:140]_INFO_验证信息：设备指令
2022-07-21 12:19:57,284_[line:159]_INFO_验证信息设备指令-成功
2022-07-21 12:19:57,284_[line:99]_INFO_验证功能模块
2022-07-21 12:19:57,395_[line:110]_INFO_验证功能模块-重启
2022-07-21 12:19:57,395_[line:111]_ERROR_功能数量一致,期望9,实际是9
2022-07-21 12:19:57,395_[line:140]_INFO_验证信息：重启
2022-07-21 12:20:02,451_[line:162]_INFO_验证信息重启-失败
2022-07-21 12:20:02,451_[line:163]_ERROR_Message: no such element: Unable to locate element: {"method":"xpath","selector":"//li[@class='direct-btn'][i]"}
  (Session info: chrome=103.0.5060.114)
Stacktrace:
Backtrace:
	Ordinal0 [0x004E6463+2188387]
	Ordinal0 [0x0047E461+1762401]
	Ordinal0 [0x00393D78+802168]
	Ordinal0 [0x003C1880+989312]
	Ordinal0 [0x003C1B1B+989979]
	Ordinal0 [0x003B8071+950385]
	Ordinal0 [0x003DC824+1099812]
	Ordinal0 [0x003B7FF4+950260]
	Ordinal0 [0x003DC9F4+1100276]
	Ordinal0 [0x003ECC22+1166370]
	Ordinal0 [0x003DC5F6+1099254]
	Ordinal0 [0x003B6BE0+945120]
	Ordinal0 [0x003B7AD6+948950]
	GetHandleVerifier [0x007871F2+2712546]
	GetHandleVerifier [0x0077886D+2652765]
	GetHandleVerifier [0x0057002A+520730]
	GetHandleVerifier [0x0056EE06+516086]
	Ordinal0 [0x0048468B+1787531]
	Ordinal0 [0x00488E88+1805960]
	Ordinal0 [0x00488F75+1806197]
	Ordinal0 [0x00491DF1+1842673]
	BaseThreadInitThunk [0x75C6FA29+25]
	RtlGetAppContainerNamedObjectPath [0x77B47A9E+286]
	RtlGetAppContainerNamedObjectPath [0x77B47A6E+238]

2022-07-21 12:20:02,559_[line:169]_INFO_验证失败, 期望信息：重启,获取信息：,截屏文档：重启_20220721_122002_bug.png
2022-07-21 12:20:02,559_[line:226]_INFO_debug模式不提交缺陷
2022-07-21 12:20:02,559_[line:110]_INFO_验证功能模块-恢复出厂
2022-07-21 12:20:02,559_[line:111]_ERROR_功能数量一致,期望9,实际是9
2022-07-21 12:20:02,559_[line:140]_INFO_验证信息：恢复出厂
2022-07-21 12:20:07,617_[line:162]_INFO_验证信息恢复出厂-失败
2022-07-21 12:20:07,617_[line:163]_ERROR_Message: no such element: Unable to locate element: {"method":"xpath","selector":"//li[@class='direct-btn'][i]"}
  (Session info: chrome=103.0.5060.114)
Stacktrace:
Backtrace:
	Ordinal0 [0x004E6463+2188387]
	Ordinal0 [0x0047E461+1762401]
	Ordinal0 [0x00393D78+802168]
	Ordinal0 [0x003C1880+989312]
	Ordinal0 [0x003C1B1B+989979]
	Ordinal0 [0x003B8071+950385]
	Ordinal0 [0x003DC824+1099812]
	Ordinal0 [0x003B7FF4+950260]
	Ordinal0 [0x003DC9F4+1100276]
	Ordinal0 [0x003ECC22+1166370]
	Ordinal0 [0x003DC5F6+1099254]
	Ordinal0 [0x003B6BE0+945120]
	Ordinal0 [0x003B7AD6+948950]
	GetHandleVerifier [0x007871F2+2712546]
	GetHandleVerifier [0x0077886D+2652765]
	GetHandleVerifier [0x0057002A+520730]
	GetHandleVerifier [0x0056EE06+516086]
	Ordinal0 [0x0048468B+1787531]
	Ordinal0 [0x00488E88+1805960]
	Ordinal0 [0x00488F75+1806197]
	Ordinal0 [0x00491DF1+1842673]
	BaseThreadInitThunk [0x75C6FA29+25]
	RtlGetAppContainerNamedObjectPath [0x77B47A9E+286]
	RtlGetAppContainerNamedObjectPath [0x77B47A6E+238]

2022-07-21 12:20:07,730_[line:169]_INFO_验证失败, 期望信息：恢复出厂,获取信息：,截屏文档：恢复出厂_20220721_122007_bug.png
2022-07-21 12:20:07,730_[line:226]_INFO_debug模式不提交缺陷
2022-07-21 12:20:07,730_[line:110]_INFO_验证功能模块-远程关机
2022-07-21 12:20:07,730_[line:111]_ERROR_功能数量一致,期望9,实际是9
2022-07-21 12:20:07,730_[line:140]_INFO_验证信息：远程关机
2022-07-21 12:20:12,762_[line:162]_INFO_验证信息远程关机-失败
2022-07-21 12:20:12,763_[line:163]_ERROR_Message: no such element: Unable to locate element: {"method":"xpath","selector":"//li[@class='direct-btn'][i]"}
  (Session info: chrome=103.0.5060.114)
Stacktrace:
Backtrace:
	Ordinal0 [0x004E6463+2188387]
	Ordinal0 [0x0047E461+1762401]
	Ordinal0 [0x00393D78+802168]
	Ordinal0 [0x003C1880+989312]
	Ordinal0 [0x003C1B1B+989979]
	Ordinal0 [0x003B8071+950385]
	Ordinal0 [0x003DC824+1099812]
	Ordinal0 [0x003B7FF4+950260]
	Ordinal0 [0x003DC9F4+1100276]
	Ordinal0 [0x003ECC22+1166370]
	Ordinal0 [0x003DC5F6+1099254]
	Ordinal0 [0x003B6BE0+945120]
	Ordinal0 [0x003B7AD6+948950]
	GetHandleVerifier [0x007871F2+2712546]
	GetHandleVerifier [0x0077886D+2652765]
	GetHandleVerifier [0x0057002A+520730]
	GetHandleVerifier [0x0056EE06+516086]
	Ordinal0 [0x0048468B+1787531]
	Ordinal0 [0x00488E88+1805960]
	Ordinal0 [0x00488F75+1806197]
	Ordinal0 [0x00491DF1+1842673]
	BaseThreadInitThunk [0x75C6FA29+25]
	RtlGetAppContainerNamedObjectPath [0x77B47A9E+286]
	RtlGetAppContainerNamedObjectPath [0x77B47A6E+238]

2022-07-21 12:20:12,874_[line:169]_INFO_验证失败, 期望信息：远程关机,获取信息：,截屏文档：远程关机_20220721_122012_bug.png
2022-07-21 12:20:12,874_[line:226]_INFO_debug模式不提交缺陷
2022-07-21 12:20:12,874_[line:110]_INFO_验证功能模块-禁止关机
2022-07-21 12:20:12,874_[line:111]_ERROR_功能数量一致,期望9,实际是9
2022-07-21 12:20:12,874_[line:140]_INFO_验证信息：禁止关机
2022-07-21 12:20:17,883_[line:162]_INFO_验证信息禁止关机-失败
2022-07-21 12:20:17,884_[line:163]_ERROR_Message: no such element: Unable to locate element: {"method":"xpath","selector":"//li[@class='direct-btn'][i]"}
  (Session info: chrome=103.0.5060.114)
Stacktrace:
Backtrace:
	Ordinal0 [0x004E6463+2188387]
	Ordinal0 [0x0047E461+1762401]
	Ordinal0 [0x00393D78+802168]
	Ordinal0 [0x003C1880+989312]
	Ordinal0 [0x003C1B1B+989979]
	Ordinal0 [0x003B8071+950385]
	Ordinal0 [0x003DC824+1099812]
	Ordinal0 [0x003B7FF4+950260]
	Ordinal0 [0x003DC9F4+1100276]
	Ordinal0 [0x003ECC22+1166370]
	Ordinal0 [0x003DC5F6+1099254]
	Ordinal0 [0x003B6BE0+945120]
	Ordinal0 [0x003B7AD6+948950]
	GetHandleVerifier [0x007871F2+2712546]
	GetHandleVerifier [0x0077886D+2652765]
	GetHandleVerifier [0x0057002A+520730]
	GetHandleVerifier [0x0056EE06+516086]
	Ordinal0 [0x0048468B+1787531]
	Ordinal0 [0x00488E88+1805960]
	Ordinal0 [0x00488F75+1806197]
	Ordinal0 [0x00491DF1+1842673]
	BaseThreadInitThunk [0x75C6FA29+25]
	RtlGetAppContainerNamedObjectPath [0x77B47A9E+286]
	RtlGetAppContainerNamedObjectPath [0x77B47A6E+238]

2022-07-21 12:20:18,019_[line:169]_INFO_验证失败, 期望信息：禁止关机,获取信息：,截屏文档：禁止关机_20220721_122017_bug.png
2022-07-21 12:20:18,020_[line:226]_INFO_debug模式不提交缺陷
2022-07-21 12:20:18,020_[line:110]_INFO_验证功能模块-上传频度
2022-07-21 12:20:18,020_[line:111]_ERROR_功能数量一致,期望9,实际是9
2022-07-21 12:20:18,020_[line:140]_INFO_验证信息：上传频度
2022-07-21 12:20:23,037_[line:162]_INFO_验证信息上传频度-失败
2022-07-21 12:20:23,037_[line:163]_ERROR_Message: no such element: Unable to locate element: {"method":"xpath","selector":"//li[@class='direct-btn'][i]"}
  (Session info: chrome=103.0.5060.114)
Stacktrace:
Backtrace:
	Ordinal0 [0x004E6463+2188387]
	Ordinal0 [0x0047E461+1762401]
	Ordinal0 [0x00393D78+802168]
	Ordinal0 [0x003C1880+989312]
	Ordinal0 [0x003C1B1B+989979]
	Ordinal0 [0x003B8071+950385]
	Ordinal0 [0x003DC824+1099812]
	Ordinal0 [0x003B7FF4+950260]
	Ordinal0 [0x003DC9F4+1100276]
	Ordinal0 [0x003ECC22+1166370]
	Ordinal0 [0x003DC5F6+1099254]
	Ordinal0 [0x003B6BE0+945120]
	Ordinal0 [0x003B7AD6+948950]
	GetHandleVerifier [0x007871F2+2712546]
	GetHandleVerifier [0x0077886D+2652765]
	GetHandleVerifier [0x0057002A+520730]
	GetHandleVerifier [0x0056EE06+516086]
	Ordinal0 [0x0048468B+1787531]
	Ordinal0 [0x00488E88+1805960]
	Ordinal0 [0x00488F75+1806197]
	Ordinal0 [0x00491DF1+1842673]
	BaseThreadInitThunk [0x75C6FA29+25]
	RtlGetAppContainerNamedObjectPath [0x77B47A9E+286]
	RtlGetAppContainerNamedObjectPath [0x77B47A6E+238]

2022-07-21 12:20:23,151_[line:169]_INFO_验证失败, 期望信息：上传频度,获取信息：,截屏文档：上传频度_20220721_122023_bug.png
2022-07-21 12:20:23,151_[line:226]_INFO_debug模式不提交缺陷
2022-07-21 12:20:23,151_[line:110]_INFO_验证功能模块-设置ip或域名
2022-07-21 12:20:23,151_[line:111]_ERROR_功能数量一致,期望9,实际是9
2022-07-21 12:20:23,151_[line:140]_INFO_验证信息：设置ip或域名
2022-07-21 12:20:28,216_[line:162]_INFO_验证信息设置ip或域名-失败
2022-07-21 12:20:28,216_[line:163]_ERROR_Message: no such element: Unable to locate element: {"method":"xpath","selector":"//li[@class='direct-btn'][i]"}
  (Session info: chrome=103.0.5060.114)
Stacktrace:
Backtrace:
	Ordinal0 [0x004E6463+2188387]
	Ordinal0 [0x0047E461+1762401]
	Ordinal0 [0x00393D78+802168]
	Ordinal0 [0x003C1880+989312]
	Ordinal0 [0x003C1B1B+989979]
	Ordinal0 [0x003B8071+950385]
	Ordinal0 [0x003DC824+1099812]
	Ordinal0 [0x003B7FF4+950260]
	Ordinal0 [0x003DC9F4+1100276]
	Ordinal0 [0x003ECC22+1166370]
	Ordinal0 [0x003DC5F6+1099254]
	Ordinal0 [0x003B6BE0+945120]
	Ordinal0 [0x003B7AD6+948950]
	GetHandleVerifier [0x007871F2+2712546]
	GetHandleVerifier [0x0077886D+2652765]
	GetHandleVerifier [0x0057002A+520730]
	GetHandleVerifier [0x0056EE06+516086]
	Ordinal0 [0x0048468B+1787531]
	Ordinal0 [0x00488E88+1805960]
	Ordinal0 [0x00488F75+1806197]
	Ordinal0 [0x00491DF1+1842673]
	BaseThreadInitThunk [0x75C6FA29+25]
	RtlGetAppContainerNamedObjectPath [0x77B47A9E+286]
	RtlGetAppContainerNamedObjectPath [0x77B47A6E+238]

2022-07-21 12:20:28,327_[line:169]_INFO_验证失败, 期望信息：设置ip或域名,获取信息：,截屏文档：设置ip或域名_20220721_122028_bug.png
2022-07-21 12:20:28,327_[line:226]_INFO_debug模式不提交缺陷
2022-07-21 12:20:28,327_[line:110]_INFO_验证功能模块-设置端口
2022-07-21 12:20:28,327_[line:111]_ERROR_功能数量一致,期望9,实际是9
2022-07-21 12:20:28,327_[line:140]_INFO_验证信息：设置端口
2022-07-21 12:20:33,348_[line:162]_INFO_验证信息设置端口-失败
2022-07-21 12:20:33,348_[line:163]_ERROR_Message: no such element: Unable to locate element: {"method":"xpath","selector":"//li[@class='direct-btn'][i]"}
  (Session info: chrome=103.0.5060.114)
Stacktrace:
Backtrace:
	Ordinal0 [0x004E6463+2188387]
	Ordinal0 [0x0047E461+1762401]
	Ordinal0 [0x00393D78+802168]
	Ordinal0 [0x003C1880+989312]
	Ordinal0 [0x003C1B1B+989979]
	Ordinal0 [0x003B8071+950385]
	Ordinal0 [0x003DC824+1099812]
	Ordinal0 [0x003B7FF4+950260]
	Ordinal0 [0x003DC9F4+1100276]
	Ordinal0 [0x003ECC22+1166370]
	Ordinal0 [0x003DC5F6+1099254]
	Ordinal0 [0x003B6BE0+945120]
	Ordinal0 [0x003B7AD6+948950]
	GetHandleVerifier [0x007871F2+2712546]
	GetHandleVerifier [0x0077886D+2652765]
	GetHandleVerifier [0x0057002A+520730]
	GetHandleVerifier [0x0056EE06+516086]
	Ordinal0 [0x0048468B+1787531]
	Ordinal0 [0x00488E88+1805960]
	Ordinal0 [0x00488F75+1806197]
	Ordinal0 [0x00491DF1+1842673]
	BaseThreadInitThunk [0x75C6FA29+25]
	RtlGetAppContainerNamedObjectPath [0x77B47A9E+286]
	RtlGetAppContainerNamedObjectPath [0x77B47A6E+238]

2022-07-21 12:20:33,466_[line:169]_INFO_验证失败, 期望信息：设置端口,获取信息：,截屏文档：设置端口_20220721_122033_bug.png
2022-07-21 12:20:33,466_[line:226]_INFO_debug模式不提交缺陷
2022-07-21 12:20:33,466_[line:110]_INFO_验证功能模块-允许关机
2022-07-21 12:20:33,466_[line:111]_ERROR_功能数量一致,期望9,实际是9
2022-07-21 12:20:33,466_[line:140]_INFO_验证信息：允许关机
2022-07-21 12:20:38,524_[line:162]_INFO_验证信息允许关机-失败
2022-07-21 12:20:38,524_[line:163]_ERROR_Message: no such element: Unable to locate element: {"method":"xpath","selector":"//li[@class='direct-btn'][i]"}
  (Session info: chrome=103.0.5060.114)
Stacktrace:
Backtrace:
	Ordinal0 [0x004E6463+2188387]
	Ordinal0 [0x0047E461+1762401]
	Ordinal0 [0x00393D78+802168]
	Ordinal0 [0x003C1880+989312]
	Ordinal0 [0x003C1B1B+989979]
	Ordinal0 [0x003B8071+950385]
	Ordinal0 [0x003DC824+1099812]
	Ordinal0 [0x003B7FF4+950260]
	Ordinal0 [0x003DC9F4+1100276]
	Ordinal0 [0x003ECC22+1166370]
	Ordinal0 [0x003DC5F6+1099254]
	Ordinal0 [0x003B6BE0+945120]
	Ordinal0 [0x003B7AD6+948950]
	GetHandleVerifier [0x007871F2+2712546]
	GetHandleVerifier [0x0077886D+2652765]
	GetHandleVerifier [0x0057002A+520730]
	GetHandleVerifier [0x0056EE06+516086]
	Ordinal0 [0x0048468B+1787531]
	Ordinal0 [0x00488E88+1805960]
	Ordinal0 [0x00488F75+1806197]
	Ordinal0 [0x00491DF1+1842673]
	BaseThreadInitThunk [0x75C6FA29+25]
	RtlGetAppContainerNamedObjectPath [0x77B47A9E+286]
	RtlGetAppContainerNamedObjectPath [0x77B47A6E+238]

2022-07-21 12:20:38,641_[line:169]_INFO_验证失败, 期望信息：允许关机,获取信息：,截屏文档：允许关机_20220721_122038_bug.png
2022-07-21 12:20:38,641_[line:226]_INFO_debug模式不提交缺陷
2022-07-21 12:20:38,641_[line:110]_INFO_验证功能模块-关闭休眠
2022-07-21 12:20:38,641_[line:111]_ERROR_功能数量一致,期望9,实际是9
2022-07-21 12:20:38,641_[line:140]_INFO_验证信息：关闭休眠
2022-07-21 12:20:43,662_[line:162]_INFO_验证信息关闭休眠-失败
2022-07-21 12:20:43,662_[line:163]_ERROR_Message: no such element: Unable to locate element: {"method":"xpath","selector":"//li[@class='direct-btn'][i]"}
  (Session info: chrome=103.0.5060.114)
Stacktrace:
Backtrace:
	Ordinal0 [0x004E6463+2188387]
	Ordinal0 [0x0047E461+1762401]
	Ordinal0 [0x00393D78+802168]
	Ordinal0 [0x003C1880+989312]
	Ordinal0 [0x003C1B1B+989979]
	Ordinal0 [0x003B8071+950385]
	Ordinal0 [0x003DC824+1099812]
	Ordinal0 [0x003B7FF4+950260]
	Ordinal0 [0x003DC9F4+1100276]
	Ordinal0 [0x003ECC22+1166370]
	Ordinal0 [0x003DC5F6+1099254]
	Ordinal0 [0x003B6BE0+945120]
	Ordinal0 [0x003B7AD6+948950]
	GetHandleVerifier [0x007871F2+2712546]
	GetHandleVerifier [0x0077886D+2652765]
	GetHandleVerifier [0x0057002A+520730]
	GetHandleVerifier [0x0056EE06+516086]
	Ordinal0 [0x0048468B+1787531]
	Ordinal0 [0x00488E88+1805960]
	Ordinal0 [0x00488F75+1806197]
	Ordinal0 [0x00491DF1+1842673]
	BaseThreadInitThunk [0x75C6FA29+25]
	RtlGetAppContainerNamedObjectPath [0x77B47A9E+286]
	RtlGetAppContainerNamedObjectPath [0x77B47A6E+238]

2022-07-21 12:20:43,819_[line:169]_INFO_验证失败, 期望信息：关闭休眠,获取信息：,截屏文档：关闭休眠_20220721_122043_bug.png
2022-07-21 12:20:43,819_[line:226]_INFO_debug模式不提交缺陷
