2022-07-21 11:08:01,715_[line:84]_INFO_初始化pingcode配置
2022-07-21 11:08:01,962_[line:49]_INFO_初始化浏览器
2022-07-21 11:08:03,301_[line:56]_INFO_初始化成功
2022-07-21 11:08:03,302_[line:115]_INFO_登录平台, 账号：0625
2022-07-21 11:08:04,654_[line:185]_INFO_验证是否有提示信息
2022-07-21 11:08:09,716_[line:197]_INFO_没有提示信息
2022-07-21 11:08:09,716_[line:78]_INFO_验证左侧栏菜单
2022-07-21 11:08:09,732_[line:86]_INFO_验证左侧栏菜单-赛事活动
2022-07-21 11:08:09,732_[line:140]_INFO_验证信息：赛事活动
2022-07-21 11:08:09,750_[line:159]_INFO_验证信息赛事活动-成功
2022-07-21 11:08:09,750_[line:86]_INFO_验证左侧栏菜单-活动报名
2022-07-21 11:08:09,752_[line:140]_INFO_验证信息：活动报名
2022-07-21 11:08:09,770_[line:159]_INFO_验证信息活动报名-成功
2022-07-21 11:08:09,770_[line:86]_INFO_验证左侧栏菜单-直播管理
2022-07-21 11:08:09,770_[line:140]_INFO_验证信息：直播管理
2022-07-21 11:08:09,789_[line:159]_INFO_验证信息直播管理-成功
2022-07-21 11:08:09,789_[line:86]_INFO_验证左侧栏菜单-安全预警
2022-07-21 11:08:09,789_[line:140]_INFO_验证信息：安全预警
2022-07-21 11:08:09,806_[line:159]_INFO_验证信息安全预警-成功
2022-07-21 11:08:09,806_[line:86]_INFO_验证左侧栏菜单-设备指令
2022-07-21 11:08:09,806_[line:140]_INFO_验证信息：设备指令
2022-07-21 11:08:09,821_[line:159]_INFO_验证信息设备指令-成功
2022-07-21 11:08:09,880_[line:123]_INFO_验证安全预警页面文字
2022-07-21 11:08:09,880_[line:128]_INFO_安全预警元素验证-顶部栏
2022-07-21 11:08:09,880_[line:140]_INFO_验证信息：安全预警
2022-07-21 11:08:09,945_[line:159]_INFO_验证信息安全预警-成功
2022-07-21 11:08:09,945_[line:145]_INFO_安全预警元素验证-tab标签
2022-07-21 11:08:09,954_[line:140]_INFO_验证信息：基本设置
2022-07-21 11:08:09,961_[line:159]_INFO_验证信息基本设置-成功
2022-07-21 11:08:09,961_[line:140]_INFO_验证信息：联系信息
2022-07-21 11:08:09,968_[line:159]_INFO_验证信息联系信息-成功
2022-07-21 11:08:09,968_[line:128]_INFO_安全预警元素验证-表格标题
2022-07-21 11:08:09,984_[line:140]_INFO_验证信息：人员监控通知
2022-07-21 11:08:10,001_[line:159]_INFO_验证信息人员监控通知-成功
2022-07-21 11:08:10,001_[line:128]_INFO_安全预警元素验证-表格标题
2022-07-21 11:08:10,043_[line:140]_INFO_验证信息：电子围栏监控通知
2022-07-21 11:08:10,061_[line:159]_INFO_验证信息电子围栏监控通知-成功
2022-07-21 11:08:10,101_[line:157]_INFO_验证设备指令页面文字
2022-07-21 11:08:10,101_[line:162]_INFO_设备指令元素验证顶部栏
2022-07-21 11:08:10,101_[line:140]_INFO_验证信息：设备指令
2022-07-21 11:08:10,220_[line:159]_INFO_验证信息设备指令-成功
2022-07-21 11:08:10,220_[line:99]_INFO_验证功能模块
2022-07-21 11:08:10,238_[line:107]_ERROR_功能数量不对,期望9,实际是1
2022-07-21 11:08:10,348_[line:110]_INFO_验证功能模块-重启
2022-07-21 11:08:10,349_[line:140]_INFO_验证信息：重启
2022-07-21 11:08:10,379_[line:159]_INFO_验证信息重启-成功
