2022-07-21 12:18:25,327_[line:84]_INFO_初始化pingcode配置
2022-07-21 12:18:25,642_[line:49]_INFO_初始化浏览器
2022-07-21 12:18:26,987_[line:56]_INFO_初始化成功
2022-07-21 12:18:26,987_[line:115]_INFO_登录平台, 账号：0625
2022-07-21 12:18:29,703_[line:185]_INFO_验证是否有提示信息
2022-07-21 12:18:34,761_[line:197]_INFO_没有提示信息
2022-07-21 12:18:34,761_[line:78]_INFO_验证左侧栏菜单
2022-07-21 12:18:34,779_[line:86]_INFO_验证左侧栏菜单-赛事活动
2022-07-21 12:18:34,779_[line:140]_INFO_验证信息：赛事活动
2022-07-21 12:18:34,800_[line:159]_INFO_验证信息赛事活动-成功
2022-07-21 12:18:34,800_[line:86]_INFO_验证左侧栏菜单-活动报名
2022-07-21 12:18:34,802_[line:140]_INFO_验证信息：活动报名
2022-07-21 12:18:34,822_[line:159]_INFO_验证信息活动报名-成功
2022-07-21 12:18:34,822_[line:86]_INFO_验证左侧栏菜单-直播管理
2022-07-21 12:18:34,822_[line:140]_INFO_验证信息：直播管理
2022-07-21 12:18:34,839_[line:159]_INFO_验证信息直播管理-成功
2022-07-21 12:18:34,839_[line:86]_INFO_验证左侧栏菜单-安全预警
2022-07-21 12:18:34,840_[line:140]_INFO_验证信息：安全预警
2022-07-21 12:18:34,856_[line:159]_INFO_验证信息安全预警-成功
2022-07-21 12:18:34,856_[line:86]_INFO_验证左侧栏菜单-设备指令
2022-07-21 12:18:34,856_[line:140]_INFO_验证信息：设备指令
2022-07-21 12:18:34,874_[line:159]_INFO_验证信息设备指令-成功
2022-07-21 12:18:34,911_[line:124]_INFO_验证安全预警页面文字
2022-07-21 12:18:34,911_[line:129]_INFO_安全预警元素验证-顶部栏
2022-07-21 12:18:34,911_[line:140]_INFO_验证信息：安全预警
2022-07-21 12:18:34,983_[line:159]_INFO_验证信息安全预警-成功
2022-07-21 12:18:34,983_[line:146]_INFO_安全预警元素验证-tab标签
2022-07-21 12:18:34,993_[line:140]_INFO_验证信息：基本设置
2022-07-21 12:18:35,001_[line:159]_INFO_验证信息基本设置-成功
2022-07-21 12:18:35,001_[line:140]_INFO_验证信息：联系信息
2022-07-21 12:18:35,008_[line:159]_INFO_验证信息联系信息-成功
2022-07-21 12:18:35,008_[line:129]_INFO_安全预警元素验证-表格标题
2022-07-21 12:18:35,023_[line:140]_INFO_验证信息：人员监控通知
2022-07-21 12:18:35,041_[line:159]_INFO_验证信息人员监控通知-成功
2022-07-21 12:18:35,041_[line:129]_INFO_安全预警元素验证-表格标题
2022-07-21 12:18:35,082_[line:140]_INFO_验证信息：电子围栏监控通知
2022-07-21 12:18:35,097_[line:159]_INFO_验证信息电子围栏监控通知-成功
2022-07-21 12:18:35,138_[line:158]_INFO_验证设备指令页面文字
2022-07-21 12:18:35,139_[line:163]_INFO_设备指令元素验证顶部栏
2022-07-21 12:18:35,139_[line:140]_INFO_验证信息：设备指令
2022-07-21 12:18:35,261_[line:159]_INFO_验证信息设备指令-成功
2022-07-21 12:18:35,261_[line:99]_INFO_验证功能模块
2022-07-21 12:18:35,397_[line:110]_INFO_验证功能模块-重启
2022-07-21 12:18:35,397_[line:111]_ERROR_功能数量一致,期望9,实际是9
2022-07-21 12:18:35,397_[line:140]_INFO_验证信息：重启
2022-07-21 12:18:35,422_[line:159]_INFO_验证信息重启-成功
2022-07-21 12:18:35,422_[line:110]_INFO_验证功能模块-恢复出厂
2022-07-21 12:18:35,422_[line:111]_ERROR_功能数量一致,期望9,实际是9
2022-07-21 12:18:35,422_[line:140]_INFO_验证信息：恢复出厂
2022-07-21 12:18:35,596_[line:169]_INFO_验证失败, 期望信息：恢复出厂,获取信息：重启,截屏文档：恢复出厂_20220721_121835_bug.png
2022-07-21 12:18:35,597_[line:226]_INFO_debug模式不提交缺陷
2022-07-21 12:18:35,597_[line:110]_INFO_验证功能模块-远程关机
2022-07-21 12:18:35,597_[line:111]_ERROR_功能数量一致,期望9,实际是9
2022-07-21 12:18:35,597_[line:140]_INFO_验证信息：远程关机
2022-07-21 12:18:35,717_[line:169]_INFO_验证失败, 期望信息：远程关机,获取信息：重启,截屏文档：远程关机_20220721_121835_bug.png
2022-07-21 12:18:35,717_[line:226]_INFO_debug模式不提交缺陷
2022-07-21 12:18:35,717_[line:110]_INFO_验证功能模块-禁止关机
2022-07-21 12:18:35,717_[line:111]_ERROR_功能数量一致,期望9,实际是9
2022-07-21 12:18:35,717_[line:140]_INFO_验证信息：禁止关机
2022-07-21 12:18:35,834_[line:169]_INFO_验证失败, 期望信息：禁止关机,获取信息：重启,截屏文档：禁止关机_20220721_121835_bug.png
2022-07-21 12:18:35,835_[line:226]_INFO_debug模式不提交缺陷
2022-07-21 12:18:35,835_[line:110]_INFO_验证功能模块-上传频度
2022-07-21 12:18:35,835_[line:111]_ERROR_功能数量一致,期望9,实际是9
2022-07-21 12:18:35,835_[line:140]_INFO_验证信息：上传频度
2022-07-21 12:18:35,951_[line:169]_INFO_验证失败, 期望信息：上传频度,获取信息：重启,截屏文档：上传频度_20220721_121835_bug.png
2022-07-21 12:18:35,951_[line:226]_INFO_debug模式不提交缺陷
2022-07-21 12:18:35,951_[line:110]_INFO_验证功能模块-设置ip或域名
2022-07-21 12:18:35,951_[line:111]_ERROR_功能数量一致,期望9,实际是9
2022-07-21 12:18:35,951_[line:140]_INFO_验证信息：设置ip或域名
2022-07-21 12:18:36,075_[line:169]_INFO_验证失败, 期望信息：设置ip或域名,获取信息：重启,截屏文档：设置ip或域名_20220721_121835_bug.png
2022-07-21 12:18:36,075_[line:226]_INFO_debug模式不提交缺陷
2022-07-21 12:18:36,075_[line:110]_INFO_验证功能模块-设置端口
2022-07-21 12:18:36,076_[line:111]_ERROR_功能数量一致,期望9,实际是9
2022-07-21 12:18:36,076_[line:140]_INFO_验证信息：设置端口
2022-07-21 12:18:36,196_[line:169]_INFO_验证失败, 期望信息：设置端口,获取信息：重启,截屏文档：设置端口_20220721_121836_bug.png
2022-07-21 12:18:36,197_[line:226]_INFO_debug模式不提交缺陷
2022-07-21 12:18:36,197_[line:110]_INFO_验证功能模块-允许关机
2022-07-21 12:18:36,197_[line:111]_ERROR_功能数量一致,期望9,实际是9
2022-07-21 12:18:36,197_[line:140]_INFO_验证信息：允许关机
2022-07-21 12:18:36,322_[line:169]_INFO_验证失败, 期望信息：允许关机,获取信息：重启,截屏文档：允许关机_20220721_121836_bug.png
2022-07-21 12:18:36,322_[line:226]_INFO_debug模式不提交缺陷
2022-07-21 12:18:36,322_[line:110]_INFO_验证功能模块-关闭休眠
2022-07-21 12:18:36,322_[line:111]_ERROR_功能数量一致,期望9,实际是9
2022-07-21 12:18:36,322_[line:140]_INFO_验证信息：关闭休眠
2022-07-21 12:18:36,441_[line:169]_INFO_验证失败, 期望信息：关闭休眠,获取信息：重启,截屏文档：关闭休眠_20220721_121836_bug.png
2022-07-21 12:18:36,441_[line:226]_INFO_debug模式不提交缺陷
