2022-07-21 14:05:07,557_[line:84]_INFO_初始化pingcode配置
2022-07-21 14:05:07,902_[line:49]_INFO_初始化浏览器
2022-07-21 14:05:09,243_[line:56]_INFO_初始化成功
2022-07-21 14:05:09,244_[line:115]_INFO_登录平台, 账号：0625
2022-07-21 14:05:11,866_[line:185]_INFO_验证是否有提示信息
2022-07-21 14:05:16,886_[line:197]_INFO_没有提示信息
2022-07-21 14:05:16,886_[line:78]_INFO_验证左侧栏菜单
2022-07-21 14:05:16,905_[line:86]_INFO_验证左侧栏菜单-赛事活动
2022-07-21 14:05:16,905_[line:140]_INFO_验证信息：赛事活动
2022-07-21 14:05:16,927_[line:159]_INFO_验证信息赛事活动-成功
2022-07-21 14:05:16,927_[line:86]_INFO_验证左侧栏菜单-活动报名
2022-07-21 14:05:16,928_[line:140]_INFO_验证信息：活动报名
2022-07-21 14:05:16,947_[line:159]_INFO_验证信息活动报名-成功
2022-07-21 14:05:16,948_[line:86]_INFO_验证左侧栏菜单-直播管理
2022-07-21 14:05:16,948_[line:140]_INFO_验证信息：直播管理
2022-07-21 14:05:16,966_[line:159]_INFO_验证信息直播管理-成功
2022-07-21 14:05:16,966_[line:86]_INFO_验证左侧栏菜单-安全预警
2022-07-21 14:05:16,967_[line:140]_INFO_验证信息：安全预警
2022-07-21 14:05:16,985_[line:159]_INFO_验证信息安全预警-成功
2022-07-21 14:05:16,985_[line:86]_INFO_验证左侧栏菜单-设备指令
2022-07-21 14:05:16,985_[line:140]_INFO_验证信息：设备指令
2022-07-21 14:05:17,005_[line:159]_INFO_验证信息设备指令-成功
2022-07-21 14:05:17,046_[line:125]_INFO_验证安全预警页面文字
2022-07-21 14:05:17,046_[line:130]_INFO_安全预警元素验证-顶部栏
2022-07-21 14:05:17,046_[line:140]_INFO_验证信息：安全预警
2022-07-21 14:05:17,111_[line:159]_INFO_验证信息安全预警-成功
2022-07-21 14:05:17,111_[line:147]_INFO_安全预警元素验证-tab标签
2022-07-21 14:05:17,122_[line:140]_INFO_验证信息：基本设置
2022-07-21 14:05:17,131_[line:159]_INFO_验证信息基本设置-成功
2022-07-21 14:05:17,131_[line:140]_INFO_验证信息：联系信息
2022-07-21 14:05:17,139_[line:159]_INFO_验证信息联系信息-成功
2022-07-21 14:05:17,139_[line:130]_INFO_安全预警元素验证-表格标题
2022-07-21 14:05:17,162_[line:140]_INFO_验证信息：人员监控通知
2022-07-21 14:05:17,197_[line:159]_INFO_验证信息人员监控通知-成功
2022-07-21 14:05:17,197_[line:130]_INFO_安全预警元素验证-表格标题
2022-07-21 14:05:17,226_[line:140]_INFO_验证信息：电子围栏监控通知
2022-07-21 14:05:17,243_[line:159]_INFO_验证信息电子围栏监控通知-成功
2022-07-21 14:05:17,284_[line:159]_INFO_验证设备指令页面文字
2022-07-21 14:05:17,284_[line:164]_INFO_设备指令元素验证顶部栏
2022-07-21 14:05:17,284_[line:140]_INFO_验证信息：设备指令
2022-07-21 14:05:17,417_[line:159]_INFO_验证信息设备指令-成功
2022-07-21 14:05:17,419_[line:99]_INFO_验证功能模块
2022-07-21 14:06:04,250_[line:107]_ERROR_功能数量不对,期望9,实际是1
2022-07-21 14:06:10,004_[line:110]_INFO_验证功能模块-重启
2022-07-21 14:06:13,531_[line:140]_INFO_验证信息：重启
