2022-07-21 13:46:05,129_[line:84]_INFO_初始化pingcode配置
2022-07-21 13:46:05,762_[line:49]_INFO_初始化浏览器
2022-07-21 13:46:07,166_[line:56]_INFO_初始化成功
2022-07-21 13:46:07,166_[line:115]_INFO_登录平台, 账号：0625
2022-07-21 13:46:10,263_[line:185]_INFO_验证是否有提示信息
2022-07-21 13:46:15,300_[line:197]_INFO_没有提示信息
2022-07-21 13:46:15,300_[line:78]_INFO_验证左侧栏菜单
2022-07-21 13:46:15,318_[line:86]_INFO_验证左侧栏菜单-赛事活动
2022-07-21 13:46:15,318_[line:140]_INFO_验证信息：赛事活动
2022-07-21 13:46:15,338_[line:159]_INFO_验证信息赛事活动-成功
2022-07-21 13:46:15,338_[line:86]_INFO_验证左侧栏菜单-活动报名
2022-07-21 13:46:15,340_[line:140]_INFO_验证信息：活动报名
2022-07-21 13:46:15,360_[line:159]_INFO_验证信息活动报名-成功
2022-07-21 13:46:15,360_[line:86]_INFO_验证左侧栏菜单-直播管理
2022-07-21 13:46:15,360_[line:140]_INFO_验证信息：直播管理
2022-07-21 13:46:15,377_[line:159]_INFO_验证信息直播管理-成功
2022-07-21 13:46:15,377_[line:86]_INFO_验证左侧栏菜单-安全预警
2022-07-21 13:46:15,377_[line:140]_INFO_验证信息：安全预警
2022-07-21 13:46:15,394_[line:159]_INFO_验证信息安全预警-成功
2022-07-21 13:46:15,394_[line:86]_INFO_验证左侧栏菜单-设备指令
2022-07-21 13:46:15,394_[line:140]_INFO_验证信息：设备指令
2022-07-21 13:46:15,411_[line:159]_INFO_验证信息设备指令-成功
2022-07-21 13:46:15,455_[line:124]_INFO_验证安全预警页面文字
2022-07-21 13:46:15,455_[line:129]_INFO_安全预警元素验证-顶部栏
2022-07-21 13:46:15,455_[line:140]_INFO_验证信息：安全预警
2022-07-21 13:46:15,515_[line:159]_INFO_验证信息安全预警-成功
2022-07-21 13:46:15,515_[line:146]_INFO_安全预警元素验证-tab标签
2022-07-21 13:46:15,523_[line:140]_INFO_验证信息：基本设置
2022-07-21 13:46:15,531_[line:159]_INFO_验证信息基本设置-成功
2022-07-21 13:46:15,531_[line:140]_INFO_验证信息：联系信息
2022-07-21 13:46:15,539_[line:159]_INFO_验证信息联系信息-成功
2022-07-21 13:46:15,539_[line:129]_INFO_安全预警元素验证-表格标题
2022-07-21 13:46:15,556_[line:140]_INFO_验证信息：人员监控通知
2022-07-21 13:46:15,573_[line:159]_INFO_验证信息人员监控通知-成功
2022-07-21 13:46:15,573_[line:129]_INFO_安全预警元素验证-表格标题
2022-07-21 13:46:15,590_[line:140]_INFO_验证信息：电子围栏监控通知
2022-07-21 13:46:15,604_[line:159]_INFO_验证信息电子围栏监控通知-成功
2022-07-21 13:46:15,648_[line:158]_INFO_验证设备指令页面文字
2022-07-21 13:46:15,648_[line:163]_INFO_设备指令元素验证顶部栏
2022-07-21 13:46:15,648_[line:140]_INFO_验证信息：设备指令
2022-07-21 13:46:15,757_[line:159]_INFO_验证信息设备指令-成功
2022-07-21 13:46:15,757_[line:99]_INFO_验证功能模块
2022-07-21 13:46:16,222_[line:110]_INFO_验证功能模块-重启
2022-07-21 13:46:16,222_[line:111]_ERROR_功能数量一致,期望9,实际是9
2022-07-21 13:46:16,222_[line:140]_INFO_验证信息：重启
2022-07-21 13:46:16,241_[line:159]_INFO_验证信息重启-成功
2022-07-21 13:46:16,242_[line:110]_INFO_验证功能模块-恢复出厂
2022-07-21 13:46:16,242_[line:111]_ERROR_功能数量一致,期望9,实际是9
2022-07-21 13:46:16,242_[line:140]_INFO_验证信息：恢复出厂
2022-07-21 13:46:16,380_[line:169]_INFO_验证失败, 期望信息：恢复出厂,获取信息：重启,截屏文档：恢复出厂_20220721_134616_bug.png
2022-07-21 13:46:16,380_[line:226]_INFO_debug模式不提交缺陷
2022-07-21 13:46:16,380_[line:110]_INFO_验证功能模块-远程关机
2022-07-21 13:46:16,380_[line:111]_ERROR_功能数量一致,期望9,实际是9
2022-07-21 13:46:16,380_[line:140]_INFO_验证信息：远程关机
2022-07-21 13:46:16,515_[line:169]_INFO_验证失败, 期望信息：远程关机,获取信息：重启,截屏文档：远程关机_20220721_134616_bug.png
2022-07-21 13:46:16,515_[line:226]_INFO_debug模式不提交缺陷
2022-07-21 13:46:16,515_[line:110]_INFO_验证功能模块-禁止关机
2022-07-21 13:46:16,515_[line:111]_ERROR_功能数量一致,期望9,实际是9
2022-07-21 13:46:16,515_[line:140]_INFO_验证信息：禁止关机
2022-07-21 13:46:16,648_[line:169]_INFO_验证失败, 期望信息：禁止关机,获取信息：重启,截屏文档：禁止关机_20220721_134616_bug.png
2022-07-21 13:46:16,648_[line:226]_INFO_debug模式不提交缺陷
2022-07-21 13:46:16,648_[line:110]_INFO_验证功能模块-上传频度
2022-07-21 13:46:16,648_[line:111]_ERROR_功能数量一致,期望9,实际是9
2022-07-21 13:46:16,648_[line:140]_INFO_验证信息：上传频度
2022-07-21 13:46:16,771_[line:169]_INFO_验证失败, 期望信息：上传频度,获取信息：重启,截屏文档：上传频度_20220721_134616_bug.png
2022-07-21 13:46:16,771_[line:226]_INFO_debug模式不提交缺陷
2022-07-21 13:46:16,771_[line:110]_INFO_验证功能模块-设置ip或域名
2022-07-21 13:46:16,771_[line:111]_ERROR_功能数量一致,期望9,实际是9
2022-07-21 13:46:16,771_[line:140]_INFO_验证信息：设置ip或域名
2022-07-21 13:46:16,879_[line:169]_INFO_验证失败, 期望信息：设置ip或域名,获取信息：重启,截屏文档：设置ip或域名_20220721_134616_bug.png
2022-07-21 13:46:16,880_[line:226]_INFO_debug模式不提交缺陷
2022-07-21 13:46:16,880_[line:110]_INFO_验证功能模块-设置端口
2022-07-21 13:46:16,880_[line:111]_ERROR_功能数量一致,期望9,实际是9
2022-07-21 13:46:16,880_[line:140]_INFO_验证信息：设置端口
2022-07-21 13:46:17,002_[line:169]_INFO_验证失败, 期望信息：设置端口,获取信息：重启,截屏文档：设置端口_20220721_134616_bug.png
2022-07-21 13:46:17,002_[line:226]_INFO_debug模式不提交缺陷
2022-07-21 13:46:17,002_[line:110]_INFO_验证功能模块-允许关机
2022-07-21 13:46:17,002_[line:111]_ERROR_功能数量一致,期望9,实际是9
2022-07-21 13:46:17,002_[line:140]_INFO_验证信息：允许关机
2022-07-21 13:46:17,112_[line:169]_INFO_验证失败, 期望信息：允许关机,获取信息：重启,截屏文档：允许关机_20220721_134617_bug.png
2022-07-21 13:46:17,112_[line:226]_INFO_debug模式不提交缺陷
2022-07-21 13:46:17,112_[line:110]_INFO_验证功能模块-关闭休眠
2022-07-21 13:46:17,112_[line:111]_ERROR_功能数量一致,期望9,实际是9
2022-07-21 13:46:17,112_[line:140]_INFO_验证信息：关闭休眠
2022-07-21 13:46:17,241_[line:169]_INFO_验证失败, 期望信息：关闭休眠,获取信息：重启,截屏文档：关闭休眠_20220721_134617_bug.png
2022-07-21 13:46:17,241_[line:226]_INFO_debug模式不提交缺陷
