2022-07-21 14:36:29,661_[line:84]_INFO_初始化pingcode配置
2022-07-21 14:36:29,988_[line:49]_INFO_初始化浏览器
2022-07-21 14:36:31,308_[line:56]_INFO_初始化成功
2022-07-21 14:36:31,308_[line:115]_INFO_登录平台, 账号：0625
2022-07-21 14:36:34,140_[line:183]_INFO_验证是否有提示信息
2022-07-21 14:36:39,170_[line:195]_INFO_没有提示信息
2022-07-21 14:36:39,170_[line:78]_INFO_验证左侧栏菜单
2022-07-21 14:36:39,187_[line:86]_INFO_验证左侧栏菜单-赛事活动
2022-07-21 14:36:39,187_[line:140]_INFO_验证信息：赛事活动
2022-07-21 14:36:39,208_[line:159]_INFO_验证信息赛事活动-成功
2022-07-21 14:36:39,208_[line:86]_INFO_验证左侧栏菜单-活动报名
2022-07-21 14:36:39,208_[line:140]_INFO_验证信息：活动报名
2022-07-21 14:36:39,227_[line:159]_INFO_验证信息活动报名-成功
2022-07-21 14:36:39,227_[line:86]_INFO_验证左侧栏菜单-直播管理
2022-07-21 14:36:39,227_[line:140]_INFO_验证信息：直播管理
2022-07-21 14:36:39,243_[line:159]_INFO_验证信息直播管理-成功
2022-07-21 14:36:39,243_[line:86]_INFO_验证左侧栏菜单-安全预警
2022-07-21 14:36:39,243_[line:140]_INFO_验证信息：安全预警
2022-07-21 14:36:39,259_[line:159]_INFO_验证信息安全预警-成功
2022-07-21 14:36:39,259_[line:86]_INFO_验证左侧栏菜单-设备指令
2022-07-21 14:36:39,259_[line:140]_INFO_验证信息：设备指令
2022-07-21 14:36:39,276_[line:159]_INFO_验证信息设备指令-成功
2022-07-21 14:36:39,315_[line:126]_INFO_验证安全预警页面文字
2022-07-21 14:36:39,315_[line:131]_INFO_安全预警元素验证-顶部栏
2022-07-21 14:36:39,315_[line:140]_INFO_验证信息：安全预警
2022-07-21 14:36:39,385_[line:159]_INFO_验证信息安全预警-成功
2022-07-21 14:36:39,385_[line:148]_INFO_安全预警元素验证-tab标签
2022-07-21 14:36:39,395_[line:140]_INFO_验证信息：基本设置
2022-07-21 14:36:39,403_[line:159]_INFO_验证信息基本设置-成功
2022-07-21 14:36:39,403_[line:140]_INFO_验证信息：联系信息
2022-07-21 14:36:39,411_[line:159]_INFO_验证信息联系信息-成功
2022-07-21 14:36:39,411_[line:131]_INFO_安全预警元素验证-表格标题
2022-07-21 14:36:39,427_[line:140]_INFO_验证信息：人员监控通知
2022-07-21 14:36:39,443_[line:159]_INFO_验证信息人员监控通知-成功
2022-07-21 14:36:39,443_[line:131]_INFO_安全预警元素验证-表格标题
2022-07-21 14:36:39,487_[line:140]_INFO_验证信息：电子围栏监控通知
2022-07-21 14:36:39,511_[line:159]_INFO_验证信息电子围栏监控通知-成功
2022-07-21 14:36:39,551_[line:160]_INFO_验证设备指令页面文字
2022-07-21 14:36:39,551_[line:165]_INFO_设备指令元素验证顶部栏
2022-07-21 14:36:39,551_[line:140]_INFO_验证信息：设备指令
2022-07-21 14:36:39,663_[line:159]_INFO_验证信息设备指令-成功
2022-07-21 14:36:39,664_[line:99]_INFO_验证功能模块
2022-07-21 14:36:39,764_[line:111]_INFO_验证功能模块-重启
2022-07-21 14:36:39,764_[line:140]_INFO_验证信息：重启
2022-07-21 14:36:39,774_[line:159]_INFO_验证信息重启-成功
2022-07-21 14:36:39,774_[line:111]_INFO_验证功能模块-恢复出厂
2022-07-21 14:36:39,774_[line:140]_INFO_验证信息：恢复出厂
2022-07-21 14:36:39,782_[line:159]_INFO_验证信息恢复出厂-成功
2022-07-21 14:36:39,783_[line:111]_INFO_验证功能模块-远程关机
2022-07-21 14:36:39,783_[line:140]_INFO_验证信息：远程关机
2022-07-21 14:36:39,798_[line:159]_INFO_验证信息远程关机-成功
2022-07-21 14:36:39,798_[line:111]_INFO_验证功能模块-禁止关机
2022-07-21 14:36:39,798_[line:140]_INFO_验证信息：禁止关机
2022-07-21 14:36:39,816_[line:159]_INFO_验证信息禁止关机-成功
2022-07-21 14:36:39,816_[line:111]_INFO_验证功能模块-上传频度
2022-07-21 14:36:39,816_[line:140]_INFO_验证信息：上传频度
2022-07-21 14:36:39,824_[line:159]_INFO_验证信息上传频度-成功
2022-07-21 14:36:39,824_[line:111]_INFO_验证功能模块-设置IP或域名
2022-07-21 14:36:39,825_[line:140]_INFO_验证信息：设置IP或域名
2022-07-21 14:36:39,832_[line:159]_INFO_验证信息设置IP或域名-成功
2022-07-21 14:36:39,832_[line:111]_INFO_验证功能模块-设置端口
2022-07-21 14:36:39,832_[line:140]_INFO_验证信息：设置端口
2022-07-21 14:36:39,842_[line:159]_INFO_验证信息设置端口-成功
2022-07-21 14:36:39,842_[line:111]_INFO_验证功能模块-允许关机
2022-07-21 14:36:39,842_[line:140]_INFO_验证信息：允许关机
2022-07-21 14:36:39,851_[line:159]_INFO_验证信息允许关机-成功
2022-07-21 14:36:39,851_[line:111]_INFO_验证功能模块-关闭休眠
2022-07-21 14:36:39,851_[line:140]_INFO_验证信息：关闭休眠
2022-07-21 14:36:39,859_[line:159]_INFO_验证信息关闭休眠-成功
