2022-07-21 13:45:03,144_[line:84]_INFO_初始化pingcode配置
2022-07-21 13:45:03,464_[line:49]_INFO_初始化浏览器
2022-07-21 13:45:04,795_[line:56]_INFO_初始化成功
2022-07-21 13:45:04,795_[line:115]_INFO_登录平台, 账号：0625
2022-07-21 13:45:07,808_[line:185]_INFO_验证是否有提示信息
2022-07-21 13:45:12,868_[line:197]_INFO_没有提示信息
2022-07-21 13:45:12,869_[line:78]_INFO_验证左侧栏菜单
2022-07-21 13:45:12,887_[line:86]_INFO_验证左侧栏菜单-赛事活动
2022-07-21 13:45:12,888_[line:140]_INFO_验证信息：赛事活动
2022-07-21 13:45:12,907_[line:159]_INFO_验证信息赛事活动-成功
2022-07-21 13:45:12,907_[line:86]_INFO_验证左侧栏菜单-活动报名
2022-07-21 13:45:12,908_[line:140]_INFO_验证信息：活动报名
2022-07-21 13:45:12,926_[line:159]_INFO_验证信息活动报名-成功
2022-07-21 13:45:12,926_[line:86]_INFO_验证左侧栏菜单-直播管理
2022-07-21 13:45:12,926_[line:140]_INFO_验证信息：直播管理
2022-07-21 13:45:12,942_[line:159]_INFO_验证信息直播管理-成功
2022-07-21 13:45:12,942_[line:86]_INFO_验证左侧栏菜单-安全预警
2022-07-21 13:45:12,942_[line:140]_INFO_验证信息：安全预警
2022-07-21 13:45:12,958_[line:159]_INFO_验证信息安全预警-成功
2022-07-21 13:45:12,958_[line:86]_INFO_验证左侧栏菜单-设备指令
2022-07-21 13:45:12,958_[line:140]_INFO_验证信息：设备指令
2022-07-21 13:45:12,978_[line:159]_INFO_验证信息设备指令-成功
2022-07-21 13:45:13,023_[line:124]_INFO_验证安全预警页面文字
2022-07-21 13:45:13,023_[line:129]_INFO_安全预警元素验证-顶部栏
2022-07-21 13:45:13,023_[line:140]_INFO_验证信息：安全预警
2022-07-21 13:45:13,090_[line:159]_INFO_验证信息安全预警-成功
2022-07-21 13:45:13,090_[line:146]_INFO_安全预警元素验证-tab标签
2022-07-21 13:45:13,101_[line:140]_INFO_验证信息：基本设置
2022-07-21 13:45:13,107_[line:159]_INFO_验证信息基本设置-成功
2022-07-21 13:45:13,107_[line:140]_INFO_验证信息：联系信息
2022-07-21 13:45:13,114_[line:159]_INFO_验证信息联系信息-成功
2022-07-21 13:45:13,115_[line:129]_INFO_安全预警元素验证-表格标题
2022-07-21 13:45:13,131_[line:140]_INFO_验证信息：人员监控通知
2022-07-21 13:45:13,146_[line:159]_INFO_验证信息人员监控通知-成功
2022-07-21 13:45:13,146_[line:129]_INFO_安全预警元素验证-表格标题
2022-07-21 13:45:13,187_[line:140]_INFO_验证信息：电子围栏监控通知
2022-07-21 13:45:13,202_[line:159]_INFO_验证信息电子围栏监控通知-成功
2022-07-21 13:45:13,243_[line:158]_INFO_验证设备指令页面文字
2022-07-21 13:45:13,243_[line:163]_INFO_设备指令元素验证顶部栏
2022-07-21 13:45:13,243_[line:140]_INFO_验证信息：设备指令
2022-07-21 13:45:13,361_[line:159]_INFO_验证信息设备指令-成功
2022-07-21 13:45:13,361_[line:99]_INFO_验证功能模块
2022-07-21 13:45:13,449_[line:110]_INFO_验证功能模块-重启
2022-07-21 13:45:13,449_[line:111]_ERROR_功能数量一致,期望9,实际是9
2022-07-21 13:45:13,449_[line:140]_INFO_验证信息：重启
2022-07-21 13:45:13,635_[line:169]_INFO_验证失败, 期望信息：重启,获取信息：GP520,截屏文档：重启_20220721_134513_bug.png
2022-07-21 13:45:13,635_[line:226]_INFO_debug模式不提交缺陷
2022-07-21 13:45:13,635_[line:110]_INFO_验证功能模块-恢复出厂
2022-07-21 13:45:13,635_[line:111]_ERROR_功能数量一致,期望9,实际是9
2022-07-21 13:45:13,635_[line:140]_INFO_验证信息：恢复出厂
2022-07-21 13:45:13,754_[line:169]_INFO_验证失败, 期望信息：恢复出厂,获取信息：GP520,截屏文档：恢复出厂_20220721_134513_bug.png
2022-07-21 13:45:13,754_[line:226]_INFO_debug模式不提交缺陷
2022-07-21 13:45:13,754_[line:110]_INFO_验证功能模块-远程关机
2022-07-21 13:45:13,754_[line:111]_ERROR_功能数量一致,期望9,实际是9
2022-07-21 13:45:13,754_[line:140]_INFO_验证信息：远程关机
2022-07-21 13:45:13,869_[line:169]_INFO_验证失败, 期望信息：远程关机,获取信息：GP520,截屏文档：远程关机_20220721_134513_bug.png
2022-07-21 13:45:13,869_[line:226]_INFO_debug模式不提交缺陷
2022-07-21 13:45:13,869_[line:110]_INFO_验证功能模块-禁止关机
2022-07-21 13:45:13,869_[line:111]_ERROR_功能数量一致,期望9,实际是9
2022-07-21 13:45:13,869_[line:140]_INFO_验证信息：禁止关机
2022-07-21 13:45:13,979_[line:169]_INFO_验证失败, 期望信息：禁止关机,获取信息：GP520,截屏文档：禁止关机_20220721_134513_bug.png
2022-07-21 13:45:13,979_[line:226]_INFO_debug模式不提交缺陷
2022-07-21 13:45:13,979_[line:110]_INFO_验证功能模块-上传频度
2022-07-21 13:45:13,979_[line:111]_ERROR_功能数量一致,期望9,实际是9
2022-07-21 13:45:13,979_[line:140]_INFO_验证信息：上传频度
2022-07-21 13:45:14,102_[line:169]_INFO_验证失败, 期望信息：上传频度,获取信息：GP520,截屏文档：上传频度_20220721_134513_bug.png
2022-07-21 13:45:14,102_[line:226]_INFO_debug模式不提交缺陷
2022-07-21 13:45:14,102_[line:110]_INFO_验证功能模块-设置ip或域名
2022-07-21 13:45:14,102_[line:111]_ERROR_功能数量一致,期望9,实际是9
2022-07-21 13:45:14,102_[line:140]_INFO_验证信息：设置ip或域名
2022-07-21 13:45:14,223_[line:169]_INFO_验证失败, 期望信息：设置ip或域名,获取信息：GP520,截屏文档：设置ip或域名_20220721_134514_bug.png
2022-07-21 13:45:14,223_[line:226]_INFO_debug模式不提交缺陷
2022-07-21 13:45:14,223_[line:110]_INFO_验证功能模块-设置端口
2022-07-21 13:45:14,223_[line:111]_ERROR_功能数量一致,期望9,实际是9
2022-07-21 13:45:14,223_[line:140]_INFO_验证信息：设置端口
2022-07-21 13:45:14,339_[line:169]_INFO_验证失败, 期望信息：设置端口,获取信息：GP520,截屏文档：设置端口_20220721_134514_bug.png
2022-07-21 13:45:14,339_[line:226]_INFO_debug模式不提交缺陷
2022-07-21 13:45:14,339_[line:110]_INFO_验证功能模块-允许关机
2022-07-21 13:45:14,339_[line:111]_ERROR_功能数量一致,期望9,实际是9
2022-07-21 13:45:14,339_[line:140]_INFO_验证信息：允许关机
2022-07-21 13:45:14,463_[line:169]_INFO_验证失败, 期望信息：允许关机,获取信息：GP520,截屏文档：允许关机_20220721_134514_bug.png
2022-07-21 13:45:14,463_[line:226]_INFO_debug模式不提交缺陷
2022-07-21 13:45:14,463_[line:110]_INFO_验证功能模块-关闭休眠
2022-07-21 13:45:14,463_[line:111]_ERROR_功能数量一致,期望9,实际是9
2022-07-21 13:45:14,463_[line:140]_INFO_验证信息：关闭休眠
2022-07-21 13:45:14,585_[line:169]_INFO_验证失败, 期望信息：关闭休眠,获取信息：GP520,截屏文档：关闭休眠_20220721_134514_bug.png
2022-07-21 13:45:14,585_[line:226]_INFO_debug模式不提交缺陷
