2022-07-21 14:23:22,892_[line:84]_INFO_初始化pingcode配置
2022-07-21 14:23:26,671_[line:49]_INFO_初始化浏览器
2022-07-21 14:23:28,054_[line:56]_INFO_初始化成功
2022-07-21 14:23:28,054_[line:115]_INFO_登录平台, 账号：0625
2022-07-21 14:23:31,074_[line:185]_INFO_验证是否有提示信息
2022-07-21 14:23:36,107_[line:197]_INFO_没有提示信息
2022-07-21 14:23:36,107_[line:78]_INFO_验证左侧栏菜单
2022-07-21 14:23:36,124_[line:86]_INFO_验证左侧栏菜单-赛事活动
2022-07-21 14:23:36,124_[line:140]_INFO_验证信息：赛事活动
2022-07-21 14:23:36,143_[line:159]_INFO_验证信息赛事活动-成功
2022-07-21 14:23:36,143_[line:86]_INFO_验证左侧栏菜单-活动报名
2022-07-21 14:23:36,145_[line:140]_INFO_验证信息：活动报名
2022-07-21 14:23:36,164_[line:159]_INFO_验证信息活动报名-成功
2022-07-21 14:23:36,164_[line:86]_INFO_验证左侧栏菜单-直播管理
2022-07-21 14:23:36,164_[line:140]_INFO_验证信息：直播管理
2022-07-21 14:23:36,180_[line:159]_INFO_验证信息直播管理-成功
2022-07-21 14:23:36,180_[line:86]_INFO_验证左侧栏菜单-安全预警
2022-07-21 14:23:36,180_[line:140]_INFO_验证信息：安全预警
2022-07-21 14:23:36,198_[line:159]_INFO_验证信息安全预警-成功
2022-07-21 14:23:36,198_[line:86]_INFO_验证左侧栏菜单-设备指令
2022-07-21 14:23:36,198_[line:140]_INFO_验证信息：设备指令
2022-07-21 14:23:36,215_[line:159]_INFO_验证信息设备指令-成功
2022-07-21 14:23:36,252_[line:126]_INFO_验证安全预警页面文字
2022-07-21 14:23:36,253_[line:131]_INFO_安全预警元素验证-顶部栏
2022-07-21 14:23:36,253_[line:140]_INFO_验证信息：安全预警
2022-07-21 14:23:36,324_[line:159]_INFO_验证信息安全预警-成功
2022-07-21 14:23:36,324_[line:148]_INFO_安全预警元素验证-tab标签
2022-07-21 14:23:36,333_[line:140]_INFO_验证信息：基本设置
2022-07-21 14:23:36,342_[line:159]_INFO_验证信息基本设置-成功
2022-07-21 14:23:36,342_[line:140]_INFO_验证信息：联系信息
2022-07-21 14:23:36,350_[line:159]_INFO_验证信息联系信息-成功
2022-07-21 14:23:36,350_[line:131]_INFO_安全预警元素验证-表格标题
2022-07-21 14:23:36,367_[line:140]_INFO_验证信息：人员监控通知
2022-07-21 14:23:36,382_[line:159]_INFO_验证信息人员监控通知-成功
2022-07-21 14:23:36,383_[line:131]_INFO_安全预警元素验证-表格标题
2022-07-21 14:23:36,428_[line:140]_INFO_验证信息：电子围栏监控通知
2022-07-21 14:23:36,446_[line:159]_INFO_验证信息电子围栏监控通知-成功
2022-07-21 14:23:36,491_[line:160]_INFO_验证设备指令页面文字
2022-07-21 14:23:36,491_[line:165]_INFO_设备指令元素验证顶部栏
2022-07-21 14:23:36,491_[line:140]_INFO_验证信息：设备指令
2022-07-21 14:23:36,610_[line:159]_INFO_验证信息设备指令-成功
2022-07-21 14:23:36,610_[line:99]_INFO_验证功能模块
2022-07-21 14:23:36,723_[line:111]_INFO_验证功能模块-重启
