2022-07-21 14:34:58,372_[line:84]_INFO_初始化pingcode配置
2022-07-21 14:34:58,701_[line:49]_INFO_初始化浏览器
2022-07-21 14:35:00,040_[line:56]_INFO_初始化成功
2022-07-21 14:35:00,041_[line:115]_INFO_登录平台, 账号：0625
2022-07-21 14:35:14,371_[line:183]_INFO_验证是否有提示信息
2022-07-21 14:35:19,414_[line:195]_INFO_没有提示信息
2022-07-21 14:35:19,414_[line:78]_INFO_验证左侧栏菜单
2022-07-21 14:35:19,432_[line:86]_INFO_验证左侧栏菜单-赛事活动
2022-07-21 14:35:19,432_[line:140]_INFO_验证信息：赛事活动
2022-07-21 14:35:19,454_[line:159]_INFO_验证信息赛事活动-成功
2022-07-21 14:35:19,454_[line:86]_INFO_验证左侧栏菜单-活动报名
2022-07-21 14:35:19,456_[line:140]_INFO_验证信息：活动报名
2022-07-21 14:35:19,475_[line:159]_INFO_验证信息活动报名-成功
2022-07-21 14:35:19,475_[line:86]_INFO_验证左侧栏菜单-直播管理
2022-07-21 14:35:19,475_[line:140]_INFO_验证信息：直播管理
2022-07-21 14:35:19,492_[line:159]_INFO_验证信息直播管理-成功
2022-07-21 14:35:19,492_[line:86]_INFO_验证左侧栏菜单-安全预警
2022-07-21 14:35:19,492_[line:140]_INFO_验证信息：安全预警
2022-07-21 14:35:19,509_[line:159]_INFO_验证信息安全预警-成功
2022-07-21 14:35:19,509_[line:86]_INFO_验证左侧栏菜单-设备指令
2022-07-21 14:35:19,509_[line:140]_INFO_验证信息：设备指令
2022-07-21 14:35:19,525_[line:159]_INFO_验证信息设备指令-成功
2022-07-21 14:35:19,564_[line:126]_INFO_验证安全预警页面文字
2022-07-21 14:35:19,565_[line:131]_INFO_安全预警元素验证-顶部栏
2022-07-21 14:35:19,565_[line:140]_INFO_验证信息：安全预警
2022-07-21 14:35:19,630_[line:159]_INFO_验证信息安全预警-成功
2022-07-21 14:35:19,630_[line:148]_INFO_安全预警元素验证-tab标签
2022-07-21 14:35:19,640_[line:140]_INFO_验证信息：基本设置
2022-07-21 14:35:19,647_[line:159]_INFO_验证信息基本设置-成功
2022-07-21 14:35:19,647_[line:140]_INFO_验证信息：联系信息
2022-07-21 14:35:19,654_[line:159]_INFO_验证信息联系信息-成功
2022-07-21 14:35:19,654_[line:131]_INFO_安全预警元素验证-表格标题
2022-07-21 14:35:19,670_[line:140]_INFO_验证信息：人员监控通知
2022-07-21 14:35:19,685_[line:159]_INFO_验证信息人员监控通知-成功
2022-07-21 14:35:19,687_[line:131]_INFO_安全预警元素验证-表格标题
2022-07-21 14:35:19,704_[line:140]_INFO_验证信息：电子围栏监控通知
2022-07-21 14:35:19,721_[line:159]_INFO_验证信息电子围栏监控通知-成功
2022-07-21 14:35:19,795_[line:160]_INFO_验证设备指令页面文字
2022-07-21 14:35:19,795_[line:165]_INFO_设备指令元素验证顶部栏
2022-07-21 14:35:19,795_[line:140]_INFO_验证信息：设备指令
2022-07-21 14:35:19,928_[line:159]_INFO_验证信息设备指令-成功
2022-07-21 14:35:19,928_[line:99]_INFO_验证功能模块
2022-07-21 14:35:20,092_[line:111]_INFO_验证功能模块-重启
2022-07-21 14:35:20,092_[line:140]_INFO_验证信息：重启
2022-07-21 14:35:20,100_[line:159]_INFO_验证信息重启-成功
2022-07-21 14:35:20,100_[line:111]_INFO_验证功能模块-恢复出厂
2022-07-21 14:35:20,101_[line:140]_INFO_验证信息：恢复出厂
2022-07-21 14:35:20,107_[line:159]_INFO_验证信息恢复出厂-成功
2022-07-21 14:35:20,107_[line:111]_INFO_验证功能模块-远程关机
2022-07-21 14:35:20,107_[line:140]_INFO_验证信息：远程关机
2022-07-21 14:35:20,134_[line:159]_INFO_验证信息远程关机-成功
2022-07-21 14:35:20,134_[line:111]_INFO_验证功能模块-禁止关机
2022-07-21 14:35:20,134_[line:140]_INFO_验证信息：禁止关机
2022-07-21 14:35:20,142_[line:159]_INFO_验证信息禁止关机-成功
2022-07-21 14:35:20,142_[line:111]_INFO_验证功能模块-上传频度
2022-07-21 14:35:20,142_[line:140]_INFO_验证信息：上传频度
2022-07-21 14:35:20,149_[line:159]_INFO_验证信息上传频度-成功
2022-07-21 14:35:20,149_[line:111]_INFO_验证功能模块-设置ip或域名
2022-07-21 14:35:20,149_[line:140]_INFO_验证信息：设置ip或域名
2022-07-21 14:35:20,288_[line:169]_INFO_验证失败, 期望信息：设置ip或域名,获取信息：设置IP或域名,截屏文档：设置ip或域名_20220721_143520_bug.png
2022-07-21 14:35:20,288_[line:225]_INFO_debug模式不提交缺陷
2022-07-21 14:35:20,288_[line:111]_INFO_验证功能模块-设置端口
2022-07-21 14:35:20,288_[line:140]_INFO_验证信息：设置端口
2022-07-21 14:35:20,296_[line:159]_INFO_验证信息设置端口-成功
2022-07-21 14:35:20,296_[line:111]_INFO_验证功能模块-允许关机
2022-07-21 14:35:20,296_[line:140]_INFO_验证信息：允许关机
2022-07-21 14:35:20,304_[line:159]_INFO_验证信息允许关机-成功
2022-07-21 14:35:20,304_[line:111]_INFO_验证功能模块-关闭休眠
2022-07-21 14:35:20,304_[line:140]_INFO_验证信息：关闭休眠
2022-07-21 14:35:20,312_[line:159]_INFO_验证信息关闭休眠-成功
