2022-07-21 14:16:28,054_[line:84]_INFO_初始化pingcode配置
2022-07-21 14:16:28,362_[line:49]_INFO_初始化浏览器
2022-07-21 14:16:29,701_[line:56]_INFO_初始化成功
2022-07-21 14:16:29,701_[line:115]_INFO_登录平台, 账号：0625
2022-07-21 14:16:32,574_[line:185]_INFO_验证是否有提示信息
2022-07-21 14:16:37,606_[line:197]_INFO_没有提示信息
2022-07-21 14:16:37,606_[line:78]_INFO_验证左侧栏菜单
2022-07-21 14:16:37,624_[line:86]_INFO_验证左侧栏菜单-赛事活动
2022-07-21 14:16:37,625_[line:140]_INFO_验证信息：赛事活动
2022-07-21 14:16:37,648_[line:159]_INFO_验证信息赛事活动-成功
2022-07-21 14:16:37,649_[line:86]_INFO_验证左侧栏菜单-活动报名
2022-07-21 14:16:37,649_[line:140]_INFO_验证信息：活动报名
2022-07-21 14:16:37,670_[line:159]_INFO_验证信息活动报名-成功
2022-07-21 14:16:37,670_[line:86]_INFO_验证左侧栏菜单-直播管理
2022-07-21 14:16:37,670_[line:140]_INFO_验证信息：直播管理
2022-07-21 14:16:37,688_[line:159]_INFO_验证信息直播管理-成功
2022-07-21 14:16:37,689_[line:86]_INFO_验证左侧栏菜单-安全预警
2022-07-21 14:16:37,689_[line:140]_INFO_验证信息：安全预警
2022-07-21 14:16:37,708_[line:159]_INFO_验证信息安全预警-成功
2022-07-21 14:16:37,708_[line:86]_INFO_验证左侧栏菜单-设备指令
2022-07-21 14:16:37,708_[line:140]_INFO_验证信息：设备指令
2022-07-21 14:16:37,726_[line:159]_INFO_验证信息设备指令-成功
2022-07-21 14:16:37,768_[line:126]_INFO_验证安全预警页面文字
2022-07-21 14:16:37,768_[line:131]_INFO_安全预警元素验证-顶部栏
2022-07-21 14:16:37,768_[line:140]_INFO_验证信息：安全预警
2022-07-21 14:16:37,839_[line:159]_INFO_验证信息安全预警-成功
2022-07-21 14:16:37,839_[line:148]_INFO_安全预警元素验证-tab标签
2022-07-21 14:16:37,850_[line:140]_INFO_验证信息：基本设置
2022-07-21 14:16:37,859_[line:159]_INFO_验证信息基本设置-成功
2022-07-21 14:16:37,859_[line:140]_INFO_验证信息：联系信息
2022-07-21 14:16:37,867_[line:159]_INFO_验证信息联系信息-成功
2022-07-21 14:16:37,867_[line:131]_INFO_安全预警元素验证-表格标题
2022-07-21 14:16:37,888_[line:140]_INFO_验证信息：人员监控通知
2022-07-21 14:16:37,930_[line:159]_INFO_验证信息人员监控通知-成功
2022-07-21 14:16:37,930_[line:131]_INFO_安全预警元素验证-表格标题
2022-07-21 14:16:37,950_[line:140]_INFO_验证信息：电子围栏监控通知
2022-07-21 14:16:37,972_[line:159]_INFO_验证信息电子围栏监控通知-成功
2022-07-21 14:16:38,014_[line:160]_INFO_验证设备指令页面文字
2022-07-21 14:16:38,014_[line:165]_INFO_设备指令元素验证顶部栏
2022-07-21 14:16:38,014_[line:140]_INFO_验证信息：设备指令
2022-07-21 14:16:38,130_[line:159]_INFO_验证信息设备指令-成功
2022-07-21 14:16:38,131_[line:99]_INFO_验证功能模块
2022-07-21 14:17:06,910_[line:111]_INFO_验证功能模块-重启
2022-07-21 14:17:10,616_[line:140]_INFO_验证信息：重启
