2022-07-21 14:00:44,872_[line:84]_INFO_初始化pingcode配置
2022-07-21 14:00:45,128_[line:49]_INFO_初始化浏览器
2022-07-21 14:00:46,471_[line:56]_INFO_初始化成功
2022-07-21 14:00:46,471_[line:115]_INFO_登录平台, 账号：0625
2022-07-21 14:00:49,172_[line:185]_INFO_验证是否有提示信息
2022-07-21 14:00:54,200_[line:197]_INFO_没有提示信息
2022-07-21 14:00:54,200_[line:78]_INFO_验证左侧栏菜单
2022-07-21 14:00:54,218_[line:86]_INFO_验证左侧栏菜单-赛事活动
2022-07-21 14:00:54,218_[line:140]_INFO_验证信息：赛事活动
2022-07-21 14:00:54,239_[line:159]_INFO_验证信息赛事活动-成功
2022-07-21 14:00:54,240_[line:86]_INFO_验证左侧栏菜单-活动报名
2022-07-21 14:00:54,242_[line:140]_INFO_验证信息：活动报名
2022-07-21 14:00:54,261_[line:159]_INFO_验证信息活动报名-成功
2022-07-21 14:00:54,261_[line:86]_INFO_验证左侧栏菜单-直播管理
2022-07-21 14:00:54,261_[line:140]_INFO_验证信息：直播管理
2022-07-21 14:00:54,279_[line:159]_INFO_验证信息直播管理-成功
2022-07-21 14:00:54,279_[line:86]_INFO_验证左侧栏菜单-安全预警
2022-07-21 14:00:54,279_[line:140]_INFO_验证信息：安全预警
2022-07-21 14:00:54,295_[line:159]_INFO_验证信息安全预警-成功
2022-07-21 14:00:54,295_[line:86]_INFO_验证左侧栏菜单-设备指令
2022-07-21 14:00:54,295_[line:140]_INFO_验证信息：设备指令
2022-07-21 14:00:54,312_[line:159]_INFO_验证信息设备指令-成功
2022-07-21 14:00:54,355_[line:126]_INFO_验证安全预警页面文字
2022-07-21 14:00:54,355_[line:131]_INFO_安全预警元素验证-顶部栏
2022-07-21 14:00:54,355_[line:140]_INFO_验证信息：安全预警
2022-07-21 14:00:54,423_[line:159]_INFO_验证信息安全预警-成功
2022-07-21 14:00:54,423_[line:148]_INFO_安全预警元素验证-tab标签
2022-07-21 14:00:54,432_[line:140]_INFO_验证信息：基本设置
2022-07-21 14:00:54,441_[line:159]_INFO_验证信息基本设置-成功
2022-07-21 14:00:54,442_[line:140]_INFO_验证信息：联系信息
2022-07-21 14:00:54,449_[line:159]_INFO_验证信息联系信息-成功
2022-07-21 14:00:54,449_[line:131]_INFO_安全预警元素验证-表格标题
2022-07-21 14:00:54,465_[line:140]_INFO_验证信息：人员监控通知
2022-07-21 14:00:54,484_[line:159]_INFO_验证信息人员监控通知-成功
2022-07-21 14:00:54,484_[line:131]_INFO_安全预警元素验证-表格标题
2022-07-21 14:00:54,525_[line:140]_INFO_验证信息：电子围栏监控通知
2022-07-21 14:00:54,542_[line:159]_INFO_验证信息电子围栏监控通知-成功
2022-07-21 14:00:54,586_[line:160]_INFO_验证设备指令页面文字
2022-07-21 14:00:54,586_[line:165]_INFO_设备指令元素验证顶部栏
2022-07-21 14:00:54,586_[line:140]_INFO_验证信息：设备指令
2022-07-21 14:00:54,722_[line:159]_INFO_验证信息设备指令-成功
2022-07-21 14:00:54,722_[line:99]_INFO_验证功能模块
2022-07-21 14:00:54,740_[line:107]_ERROR_功能数量不对,期望9,实际是1
2022-07-21 14:00:54,866_[line:110]_INFO_验证功能模块-重启
2022-07-21 14:00:54,866_[line:111]_ERROR_功能数量一致,期望9,实际是1
2022-07-21 14:00:54,866_[line:140]_INFO_验证信息：重启
2022-07-21 14:00:54,892_[line:159]_INFO_验证信息重启-成功
