2022-07-21 14:07:51,412_[line:84]_INFO_初始化pingcode配置
2022-07-21 14:07:51,702_[line:49]_INFO_初始化浏览器
2022-07-21 14:07:53,070_[line:56]_INFO_初始化成功
2022-07-21 14:07:53,070_[line:115]_INFO_登录平台, 账号：0625
2022-07-21 14:07:55,830_[line:185]_INFO_验证是否有提示信息
2022-07-21 14:08:00,869_[line:197]_INFO_没有提示信息
2022-07-21 14:08:00,869_[line:78]_INFO_验证左侧栏菜单
2022-07-21 14:08:00,890_[line:86]_INFO_验证左侧栏菜单-赛事活动
2022-07-21 14:08:00,890_[line:140]_INFO_验证信息：赛事活动
2022-07-21 14:08:00,914_[line:159]_INFO_验证信息赛事活动-成功
2022-07-21 14:08:00,914_[line:86]_INFO_验证左侧栏菜单-活动报名
2022-07-21 14:08:00,915_[line:140]_INFO_验证信息：活动报名
2022-07-21 14:08:00,935_[line:159]_INFO_验证信息活动报名-成功
2022-07-21 14:08:00,935_[line:86]_INFO_验证左侧栏菜单-直播管理
2022-07-21 14:08:00,935_[line:140]_INFO_验证信息：直播管理
2022-07-21 14:08:00,953_[line:159]_INFO_验证信息直播管理-成功
2022-07-21 14:08:00,953_[line:86]_INFO_验证左侧栏菜单-安全预警
2022-07-21 14:08:00,953_[line:140]_INFO_验证信息：安全预警
2022-07-21 14:08:00,972_[line:159]_INFO_验证信息安全预警-成功
2022-07-21 14:08:00,972_[line:86]_INFO_验证左侧栏菜单-设备指令
2022-07-21 14:08:00,972_[line:140]_INFO_验证信息：设备指令
2022-07-21 14:08:00,989_[line:159]_INFO_验证信息设备指令-成功
2022-07-21 14:08:01,034_[line:125]_INFO_验证安全预警页面文字
2022-07-21 14:08:01,034_[line:130]_INFO_安全预警元素验证-顶部栏
2022-07-21 14:08:01,034_[line:140]_INFO_验证信息：安全预警
2022-07-21 14:08:01,101_[line:159]_INFO_验证信息安全预警-成功
2022-07-21 14:08:01,101_[line:147]_INFO_安全预警元素验证-tab标签
2022-07-21 14:08:01,110_[line:140]_INFO_验证信息：基本设置
2022-07-21 14:08:01,119_[line:159]_INFO_验证信息基本设置-成功
2022-07-21 14:08:01,119_[line:140]_INFO_验证信息：联系信息
2022-07-21 14:08:01,126_[line:159]_INFO_验证信息联系信息-成功
2022-07-21 14:08:01,126_[line:130]_INFO_安全预警元素验证-表格标题
2022-07-21 14:08:01,145_[line:140]_INFO_验证信息：人员监控通知
2022-07-21 14:08:01,161_[line:159]_INFO_验证信息人员监控通知-成功
2022-07-21 14:08:01,162_[line:130]_INFO_安全预警元素验证-表格标题
2022-07-21 14:08:01,183_[line:140]_INFO_验证信息：电子围栏监控通知
2022-07-21 14:08:01,227_[line:159]_INFO_验证信息电子围栏监控通知-成功
2022-07-21 14:08:01,283_[line:159]_INFO_验证设备指令页面文字
2022-07-21 14:08:01,283_[line:164]_INFO_设备指令元素验证顶部栏
2022-07-21 14:08:01,283_[line:140]_INFO_验证信息：设备指令
2022-07-21 14:08:01,418_[line:159]_INFO_验证信息设备指令-成功
2022-07-21 14:08:01,420_[line:99]_INFO_验证功能模块
2022-07-21 14:08:16,538_[line:107]_ERROR_功能数量不对,期望9,实际是1
2022-07-21 14:08:21,995_[line:110]_INFO_验证功能模块-重启
2022-07-21 14:08:27,014_[line:140]_INFO_验证信息：重启
2022-07-21 14:09:52,094_[line:162]_INFO_验证信息重启-失败
2022-07-21 14:10:15,418_[line:163]_ERROR_'list' object has no attribute 'find_element'
