2022-07-21 14:02:39,815_[line:84]_INFO_初始化pingcode配置
2022-07-21 14:02:40,147_[line:49]_INFO_初始化浏览器
2022-07-21 14:02:41,466_[line:56]_INFO_初始化成功
2022-07-21 14:02:41,466_[line:115]_INFO_登录平台, 账号：0625
2022-07-21 14:02:45,236_[line:185]_INFO_验证是否有提示信息
2022-07-21 14:02:50,253_[line:197]_INFO_没有提示信息
2022-07-21 14:02:50,254_[line:78]_INFO_验证左侧栏菜单
2022-07-21 14:02:50,271_[line:86]_INFO_验证左侧栏菜单-赛事活动
2022-07-21 14:02:50,271_[line:140]_INFO_验证信息：赛事活动
2022-07-21 14:02:50,291_[line:159]_INFO_验证信息赛事活动-成功
2022-07-21 14:02:50,291_[line:86]_INFO_验证左侧栏菜单-活动报名
2022-07-21 14:02:50,293_[line:140]_INFO_验证信息：活动报名
2022-07-21 14:02:50,312_[line:159]_INFO_验证信息活动报名-成功
2022-07-21 14:02:50,312_[line:86]_INFO_验证左侧栏菜单-直播管理
2022-07-21 14:02:50,312_[line:140]_INFO_验证信息：直播管理
2022-07-21 14:02:50,331_[line:159]_INFO_验证信息直播管理-成功
2022-07-21 14:02:50,331_[line:86]_INFO_验证左侧栏菜单-安全预警
2022-07-21 14:02:50,331_[line:140]_INFO_验证信息：安全预警
2022-07-21 14:02:50,349_[line:159]_INFO_验证信息安全预警-成功
2022-07-21 14:02:50,349_[line:86]_INFO_验证左侧栏菜单-设备指令
2022-07-21 14:02:50,349_[line:140]_INFO_验证信息：设备指令
2022-07-21 14:02:50,365_[line:159]_INFO_验证信息设备指令-成功
2022-07-21 14:02:50,408_[line:126]_INFO_验证安全预警页面文字
2022-07-21 14:02:50,408_[line:131]_INFO_安全预警元素验证-顶部栏
2022-07-21 14:02:50,408_[line:140]_INFO_验证信息：安全预警
2022-07-21 14:02:50,478_[line:159]_INFO_验证信息安全预警-成功
2022-07-21 14:02:50,478_[line:148]_INFO_安全预警元素验证-tab标签
2022-07-21 14:02:50,486_[line:140]_INFO_验证信息：基本设置
2022-07-21 14:02:50,497_[line:159]_INFO_验证信息基本设置-成功
2022-07-21 14:02:50,497_[line:140]_INFO_验证信息：联系信息
2022-07-21 14:02:50,504_[line:159]_INFO_验证信息联系信息-成功
2022-07-21 14:02:50,504_[line:131]_INFO_安全预警元素验证-表格标题
2022-07-21 14:02:50,520_[line:140]_INFO_验证信息：人员监控通知
2022-07-21 14:02:50,534_[line:159]_INFO_验证信息人员监控通知-成功
2022-07-21 14:02:50,534_[line:131]_INFO_安全预警元素验证-表格标题
2022-07-21 14:02:50,552_[line:140]_INFO_验证信息：电子围栏监控通知
2022-07-21 14:02:50,598_[line:159]_INFO_验证信息电子围栏监控通知-成功
2022-07-21 14:02:50,641_[line:160]_INFO_验证设备指令页面文字
2022-07-21 14:02:50,641_[line:165]_INFO_设备指令元素验证顶部栏
2022-07-21 14:02:50,641_[line:140]_INFO_验证信息：设备指令
2022-07-21 14:02:50,766_[line:159]_INFO_验证信息设备指令-成功
2022-07-21 14:02:50,766_[line:99]_INFO_验证功能模块
2022-07-21 14:02:50,783_[line:107]_ERROR_功能数量不对,期望9,实际是1
2022-07-21 14:02:50,904_[line:110]_INFO_验证功能模块-重启
2022-07-21 14:02:50,904_[line:111]_ERROR_功能数量一致,期望9,实际是1
2022-07-21 14:02:50,904_[line:140]_INFO_验证信息：重启
2022-07-21 14:02:50,904_[line:162]_INFO_验证信息重启-失败
2022-07-21 14:02:50,904_[line:163]_ERROR_'str' object has no attribute 'find_element'
2022-07-21 14:02:51,047_[line:169]_INFO_验证失败, 期望信息：重启,获取信息：,截屏文档：重启_20220721_140250_bug.png
2022-07-21 14:02:51,047_[line:226]_INFO_debug模式不提交缺陷
2022-07-21 14:02:51,047_[line:110]_INFO_验证功能模块-恢复出厂
2022-07-21 14:02:51,047_[line:111]_ERROR_功能数量一致,期望9,实际是1
2022-07-21 14:02:51,047_[line:140]_INFO_验证信息：恢复出厂
2022-07-21 14:02:51,047_[line:162]_INFO_验证信息恢复出厂-失败
2022-07-21 14:02:51,047_[line:163]_ERROR_'str' object has no attribute 'find_element'
2022-07-21 14:02:51,188_[line:169]_INFO_验证失败, 期望信息：恢复出厂,获取信息：,截屏文档：恢复出厂_20220721_140251_bug.png
2022-07-21 14:02:51,188_[line:226]_INFO_debug模式不提交缺陷
2022-07-21 14:02:51,188_[line:110]_INFO_验证功能模块-远程关机
2022-07-21 14:02:51,188_[line:111]_ERROR_功能数量一致,期望9,实际是1
2022-07-21 14:02:51,188_[line:140]_INFO_验证信息：远程关机
2022-07-21 14:02:51,188_[line:162]_INFO_验证信息远程关机-失败
2022-07-21 14:02:51,189_[line:163]_ERROR_'str' object has no attribute 'find_element'
2022-07-21 14:02:51,298_[line:169]_INFO_验证失败, 期望信息：远程关机,获取信息：,截屏文档：远程关机_20220721_140251_bug.png
2022-07-21 14:02:51,298_[line:226]_INFO_debug模式不提交缺陷
2022-07-21 14:02:51,298_[line:110]_INFO_验证功能模块-禁止关机
2022-07-21 14:02:51,298_[line:111]_ERROR_功能数量一致,期望9,实际是1
2022-07-21 14:02:51,298_[line:140]_INFO_验证信息：禁止关机
2022-07-21 14:02:51,298_[line:162]_INFO_验证信息禁止关机-失败
2022-07-21 14:02:51,298_[line:163]_ERROR_'str' object has no attribute 'find_element'
2022-07-21 14:02:51,398_[line:169]_INFO_验证失败, 期望信息：禁止关机,获取信息：,截屏文档：禁止关机_20220721_140251_bug.png
2022-07-21 14:02:51,398_[line:226]_INFO_debug模式不提交缺陷
2022-07-21 14:02:51,398_[line:110]_INFO_验证功能模块-上传频度
2022-07-21 14:02:51,398_[line:111]_ERROR_功能数量一致,期望9,实际是1
2022-07-21 14:02:51,398_[line:140]_INFO_验证信息：上传频度
2022-07-21 14:02:51,398_[line:162]_INFO_验证信息上传频度-失败
2022-07-21 14:02:51,398_[line:163]_ERROR_'str' object has no attribute 'find_element'
2022-07-21 14:02:51,500_[line:169]_INFO_验证失败, 期望信息：上传频度,获取信息：,截屏文档：上传频度_20220721_140251_bug.png
2022-07-21 14:02:51,500_[line:226]_INFO_debug模式不提交缺陷
2022-07-21 14:02:51,500_[line:110]_INFO_验证功能模块-设置ip或域名
2022-07-21 14:02:51,500_[line:111]_ERROR_功能数量一致,期望9,实际是1
2022-07-21 14:02:51,500_[line:140]_INFO_验证信息：设置ip或域名
2022-07-21 14:02:51,500_[line:162]_INFO_验证信息设置ip或域名-失败
2022-07-21 14:02:51,500_[line:163]_ERROR_'str' object has no attribute 'find_element'
2022-07-21 14:02:51,604_[line:169]_INFO_验证失败, 期望信息：设置ip或域名,获取信息：,截屏文档：设置ip或域名_20220721_140251_bug.png
2022-07-21 14:02:51,604_[line:226]_INFO_debug模式不提交缺陷
2022-07-21 14:02:51,604_[line:110]_INFO_验证功能模块-设置端口
2022-07-21 14:02:51,605_[line:111]_ERROR_功能数量一致,期望9,实际是1
2022-07-21 14:02:51,605_[line:140]_INFO_验证信息：设置端口
2022-07-21 14:02:51,605_[line:162]_INFO_验证信息设置端口-失败
2022-07-21 14:02:51,605_[line:163]_ERROR_'str' object has no attribute 'find_element'
2022-07-21 14:02:51,724_[line:169]_INFO_验证失败, 期望信息：设置端口,获取信息：,截屏文档：设置端口_20220721_140251_bug.png
2022-07-21 14:02:51,724_[line:226]_INFO_debug模式不提交缺陷
2022-07-21 14:02:51,724_[line:110]_INFO_验证功能模块-允许关机
2022-07-21 14:02:51,724_[line:111]_ERROR_功能数量一致,期望9,实际是1
2022-07-21 14:02:51,724_[line:140]_INFO_验证信息：允许关机
2022-07-21 14:02:51,724_[line:162]_INFO_验证信息允许关机-失败
2022-07-21 14:02:51,724_[line:163]_ERROR_'str' object has no attribute 'find_element'
2022-07-21 14:02:51,832_[line:169]_INFO_验证失败, 期望信息：允许关机,获取信息：,截屏文档：允许关机_20220721_140251_bug.png
2022-07-21 14:02:51,832_[line:226]_INFO_debug模式不提交缺陷
2022-07-21 14:02:51,832_[line:110]_INFO_验证功能模块-关闭休眠
2022-07-21 14:02:51,832_[line:111]_ERROR_功能数量一致,期望9,实际是1
2022-07-21 14:02:51,832_[line:140]_INFO_验证信息：关闭休眠
2022-07-21 14:02:51,832_[line:162]_INFO_验证信息关闭休眠-失败
2022-07-21 14:02:51,832_[line:163]_ERROR_'str' object has no attribute 'find_element'
2022-07-21 14:02:51,946_[line:169]_INFO_验证失败, 期望信息：关闭休眠,获取信息：,截屏文档：关闭休眠_20220721_140251_bug.png
2022-07-21 14:02:51,946_[line:226]_INFO_debug模式不提交缺陷
